<?xml version="1.0" encoding="UTF-8"?>
<!-- Generated by org.testng.reporters.JUnitXMLReporter -->
<testsuite hostname="Priyanka_Acer" name="Test" tests="10" failures="3" timestamp="28 May 2019 09:04:51 GMT" time="112.11" errors="0">
  <testcase name="validateTitle" time="0.038" classname="com.qa.testcases.LoginPageTest">
    <failure type="java.lang.AssertionError" message="expected [ShopCartt &amp;gt; Administration panel (PrestaShopâ)] but found [ShopCartt &amp;gt; Administration panel (PrestaShop™)]">
      <![CDATA[java.lang.AssertionError: expected [ShopCartt > Administration panel (PrestaShopâ)] but found [ShopCartt > Administration panel (PrestaShop™)]
	at com.qa.testcases.LoginPageTest.validateTitle(LoginPageTest.java:33)
... Removed 32 stack frames]]>
    </failure>
  </testcase> <!-- validateTitle -->
  <testcase name="validatePrestaLogo" time="0.078" classname="com.qa.testcases.LoginPageTest"/>
  <testcase name="validatePrestaLogoText" time="0.07" classname="com.qa.testcases.LoginPageTest"/>
  <testcase name="validateCurrentUrl" time="0.023" classname="com.qa.testcases.LoginPageTest"/>
  <testcase name="validateTextBelowLogo" time="0.134" classname="com.qa.testcases.LoginPageTest"/>
  <testcase name="validateEmailLable" time="0.066" classname="com.qa.testcases.LoginPageTest"/>
  <testcase name="validateEmailPlaceholder" time="0.109" classname="com.qa.testcases.LoginPageTest">
    <failure type="java.lang.AssertionError" message="expected [ïƒ  test@example.com] but found [ test@example.com]">
      <![CDATA[java.lang.AssertionError: expected [ïƒ  test@example.com] but found [ test@example.com]
	at com.qa.testcases.LoginPageTest.validateEmailPlaceholder(LoginPageTest.java:71)
... Removed 32 stack frames]]>
    </failure>
  </testcase> <!-- validateEmailPlaceholder -->
  <testcase name="validatePasswordPlaceholder" time="0.06" classname="com.qa.testcases.LoginPageTest">
    <failure type="java.lang.AssertionError" message="expected [ï‚„ Password] but found [ Password]">
      <![CDATA[java.lang.AssertionError: expected [ï‚„ Password] but found [ Password]
	at com.qa.testcases.LoginPageTest.validatePasswordPlaceholder(LoginPageTest.java:77)
... Removed 32 stack frames]]>
    </failure>
  </testcase> <!-- validatePasswordPlaceholder -->
  <testcase name="validateBlankEmailPassword" time="2.45" classname="com.qa.testcases.LoginPageTest"/>
  <testcase name="validateBlankEmailAndValidPassword" time="2.404" classname="com.qa.testcases.LoginPageTest"/>
</testsuite> <!-- Test -->
