<html>
<head>
<title>TestNG:  Test</title>
<link href="../testng.css" rel="stylesheet" type="text/css" />
<link href="../my-testng.css" rel="stylesheet" type="text/css" />

<style type="text/css">
.log { display: none;} 
.stack-trace { display: none;} 
</style>
<script type="text/javascript">
<!--
function flip(e) {
  current = e.style.display;
  if (current == 'block') {
    e.style.display = 'none';
    return 0;
  }
  else {
    e.style.display = 'block';
    return 1;
  }
}

function toggleBox(szDivId, elem, msg1, msg2)
{
  var res = -1;  if (document.getElementById) {
    res = flip(document.getElementById(szDivId));
  }
  else if (document.all) {
    // this is the way old msie versions work
    res = flip(document.all[szDivId]);
  }
  if(elem) {
    if(res == 0) elem.innerHTML = msg1; else elem.innerHTML = msg2;
  }

}

function toggleAllBoxes() {
  if (document.getElementsByTagName) {
    d = document.getElementsByTagName('div');
    for (i = 0; i < d.length; i++) {
      if (d[i].className == 'log') {
        flip(d[i]);
      }
    }
  }
}

// -->
</script>

</head>
<body>
<h2 align='center'>Test</h2><table border='1' align="center">
<tr>
<td>Tests passed/Failed/Skipped:</td><td>2/0/85</td>
</tr><tr>
<td>Started on:</td><td>Sat May 25 10:34:58 IST 2019</td>
</tr>
<tr><td>Total time:</td><td>103 seconds (103107 ms)</td>
</tr><tr>
<td>Included groups:</td><td></td>
</tr><tr>
<td>Excluded groups:</td><td></td>
</tr>
</table><p/>
<small><i>(Hover the method name to see the test class name)</i></small><p/>
<table width='100%' border='1' class='invocation-failed'>
<tr><td colspan='4' align='center'><b>FAILED CONFIGURATIONS</b></td></tr>
<tr><td><b>Test method</b></td>
<td width="30%"><b>Exception</b></td>
<td width="10%"><b>Time (seconds)</b></td>
<td><b>Instance</b></td>
</tr>
<tr>
<td title='com.qa.testcases.DashBoardPageTest.setUp()'><b>setUp</b><br>Test class: com.qa.testcases.DashBoardPageTest</td>
<td><div><pre>org.openqa.selenium.WebDriverException: chrome not reachable
  (Session info: chrome=74.0.3729.169)
  (Driver info: chromedriver=2.46.628402 (536cd7adbad73a3783fdc2cab92ab2ba7ec361e1),platform=Windows NT 6.1.7601 SP1 x86_64) (WARNING: The server did not provide any stacktrace information)
Command duration or timeout: 6.09 seconds
Build info: version: &apos;2.45.0&apos;, revision: &apos;5017cb8e7ca8e37638dc3091b2440b90a1d8686f&apos;, time: &apos;2015-02-27 09:10:26&apos;
System info: host: &apos;Priyanka_Acer&apos;, ip: &apos;192.168.43.180&apos;, os.name: &apos;Windows 7&apos;, os.arch: &apos;amd64&apos;, os.version: &apos;6.1&apos;, java.version: &apos;1.8.0_191&apos;
Driver info: org.openqa.selenium.chrome.ChromeDriver
Capabilities [{mobileEmulationEnabled=false, timeouts={implicit=0, pageLoad=300000, script=30000}, hasTouchScreen=false, platform=XP, acceptSslCerts=false, goog:chromeOptions={debuggerAddress=localhost:59919}, acceptInsecureCerts=false, webStorageEnabled=true, browserName=chrome, takesScreenshot=true, javascriptEnabled=true, setWindowRect=true, unexpectedAlertBehaviour=ignore, applicationCacheEnabled=false, rotatable=false, networkConnectionEnabled=false, chrome={chromedriverVersion=2.46.628402 (536cd7adbad73a3783fdc2cab92ab2ba7ec361e1), userDataDir=C:\Users\Priyanka\AppData\Local\Temp\scoped_dir14104_26966}, takesHeapSnapshot=true, pageLoadStrategy=normal, strictFileInteractability=false, databaseEnabled=false, handlesAlerts=true, version=74.0.3729.169, browserConnectionEnabled=false, proxy={}, nativeEvents=true, locationContextEnabled=true, cssSelectorsEnabled=true}]
Session ID: 26a2d64f266870d89048638ab19500c7
*** Element info: {Using=xpath, value=//input[@id=&apos;email&apos;]}
	at org.openqa.selenium.remote.ErrorHandler.createThrowable(ErrorHandler.java:204)
	at org.openqa.selenium.remote.ErrorHandler.throwIfResponseFailed(ErrorHandler.java:156)
	at org.openqa.selenium.remote.RemoteWebDriver.execute(RemoteWebDriver.java:599)
	at org.openqa.selenium.remote.RemoteWebDriver.findElement(RemoteWebDriver.java:352)
	at org.openqa.selenium.remote.RemoteWebDriver.findElementByXPath(RemoteWebDriver.java:449)
	at org.openqa.selenium.By$ByXPath.findElement(By.java:357)
	at org.openqa.selenium.remote.RemoteWebDriver.findElement(RemoteWebDriver.java:344)
	at org.openqa.selenium.support.pagefactory.DefaultElementLocator.findElement(DefaultElementLocator.java:59)
	at org.openqa.selenium.support.pagefactory.internal.LocatingElementHandler.invoke(LocatingElementHandler.java:37)
	at com.sun.proxy.$Proxy6.sendKeys(Unknown Source)
	at com.qa.pages.LoginPage.CheckValideEmailAndPassword(LoginPage.java:153)
	at com.qa.testcases.DashBoardPageTest.setUp(DashBoardPageTest.java:32)
	at org.apache.maven.surefire.testng.TestNGExecutor.run(TestNGExecutor.java:283)
	at org.apache.maven.surefire.testng.TestNGXmlTestSuite.execute(TestNGXmlTestSuite.java:75)
	at org.apache.maven.surefire.testng.TestNGProvider.invoke(TestNGProvider.java:120)
	at org.apache.maven.surefire.booter.ForkedBooter.invokeProviderInSameClassLoader(ForkedBooter.java:384)
	at org.apache.maven.surefire.booter.ForkedBooter.runSuitesInProcess(ForkedBooter.java:345)
	at org.apache.maven.surefire.booter.ForkedBooter.execute(ForkedBooter.java:126)
	at org.apache.maven.surefire.booter.ForkedBooter.main(ForkedBooter.java:418)
... Removed 27 stack frames</pre></div><a href='#' onClick='toggleBox("stack-trace1260634890", this, "Click to show all stack frames", "Click to hide stack frames")'>Click to show all stack frames</a>
<div class='stack-trace' id='stack-trace1260634890'><pre>org.openqa.selenium.WebDriverException: chrome not reachable
  (Session info: chrome=74.0.3729.169)
  (Driver info: chromedriver=2.46.628402 (536cd7adbad73a3783fdc2cab92ab2ba7ec361e1),platform=Windows NT 6.1.7601 SP1 x86_64) (WARNING: The server did not provide any stacktrace information)
Command duration or timeout: 6.09 seconds
Build info: version: &apos;2.45.0&apos;, revision: &apos;5017cb8e7ca8e37638dc3091b2440b90a1d8686f&apos;, time: &apos;2015-02-27 09:10:26&apos;
System info: host: &apos;Priyanka_Acer&apos;, ip: &apos;192.168.43.180&apos;, os.name: &apos;Windows 7&apos;, os.arch: &apos;amd64&apos;, os.version: &apos;6.1&apos;, java.version: &apos;1.8.0_191&apos;
Driver info: org.openqa.selenium.chrome.ChromeDriver
Capabilities [{mobileEmulationEnabled=false, timeouts={implicit=0, pageLoad=300000, script=30000}, hasTouchScreen=false, platform=XP, acceptSslCerts=false, goog:chromeOptions={debuggerAddress=localhost:59919}, acceptInsecureCerts=false, webStorageEnabled=true, browserName=chrome, takesScreenshot=true, javascriptEnabled=true, setWindowRect=true, unexpectedAlertBehaviour=ignore, applicationCacheEnabled=false, rotatable=false, networkConnectionEnabled=false, chrome={chromedriverVersion=2.46.628402 (536cd7adbad73a3783fdc2cab92ab2ba7ec361e1), userDataDir=C:\Users\Priyanka\AppData\Local\Temp\scoped_dir14104_26966}, takesHeapSnapshot=true, pageLoadStrategy=normal, strictFileInteractability=false, databaseEnabled=false, handlesAlerts=true, version=74.0.3729.169, browserConnectionEnabled=false, proxy={}, nativeEvents=true, locationContextEnabled=true, cssSelectorsEnabled=true}]
Session ID: 26a2d64f266870d89048638ab19500c7
*** Element info: {Using=xpath, value=//input[@id=&apos;email&apos;]}
	at sun.reflect.NativeConstructorAccessorImpl.newInstance0(Native Method)
	at sun.reflect.NativeConstructorAccessorImpl.newInstance(NativeConstructorAccessorImpl.java:62)
	at sun.reflect.DelegatingConstructorAccessorImpl.newInstance(DelegatingConstructorAccessorImpl.java:45)
	at java.lang.reflect.Constructor.newInstance(Constructor.java:423)
	at org.openqa.selenium.remote.ErrorHandler.createThrowable(ErrorHandler.java:204)
	at org.openqa.selenium.remote.ErrorHandler.throwIfResponseFailed(ErrorHandler.java:156)
	at org.openqa.selenium.remote.RemoteWebDriver.execute(RemoteWebDriver.java:599)
	at org.openqa.selenium.remote.RemoteWebDriver.findElement(RemoteWebDriver.java:352)
	at org.openqa.selenium.remote.RemoteWebDriver.findElementByXPath(RemoteWebDriver.java:449)
	at org.openqa.selenium.By$ByXPath.findElement(By.java:357)
	at org.openqa.selenium.remote.RemoteWebDriver.findElement(RemoteWebDriver.java:344)
	at org.openqa.selenium.support.pagefactory.DefaultElementLocator.findElement(DefaultElementLocator.java:59)
	at org.openqa.selenium.support.pagefactory.internal.LocatingElementHandler.invoke(LocatingElementHandler.java:37)
	at com.sun.proxy.$Proxy6.sendKeys(Unknown Source)
	at com.qa.pages.LoginPage.CheckValideEmailAndPassword(LoginPage.java:153)
	at com.qa.testcases.DashBoardPageTest.setUp(DashBoardPageTest.java:32)
	at sun.reflect.NativeMethodAccessorImpl.invoke0(Native Method)
	at sun.reflect.NativeMethodAccessorImpl.invoke(NativeMethodAccessorImpl.java:62)
	at sun.reflect.DelegatingMethodAccessorImpl.invoke(DelegatingMethodAccessorImpl.java:43)
	at java.lang.reflect.Method.invoke(Method.java:498)
	at org.testng.internal.MethodInvocationHelper.invokeMethod(MethodInvocationHelper.java:80)
	at org.testng.internal.Invoker.invokeConfigurationMethod(Invoker.java:564)
	at org.testng.internal.Invoker.invokeConfigurations(Invoker.java:213)
	at org.testng.internal.Invoker.invokeMethod(Invoker.java:653)
	at org.testng.internal.Invoker.invokeTestMethod(Invoker.java:901)
	at org.testng.internal.Invoker.invokeTestMethods(Invoker.java:1231)
	at org.testng.internal.TestMethodWorker.invokeTestMethods(TestMethodWorker.java:127)
	at org.testng.internal.TestMethodWorker.run(TestMethodWorker.java:111)
	at org.testng.TestRunner.privateRun(TestRunner.java:767)
	at org.testng.TestRunner.run(TestRunner.java:617)
	at org.testng.SuiteRunner.runTest(SuiteRunner.java:334)
	at org.testng.SuiteRunner.runSequentially(SuiteRunner.java:329)
	at org.testng.SuiteRunner.privateRun(SuiteRunner.java:291)
	at org.testng.SuiteRunner.run(SuiteRunner.java:240)
	at org.testng.SuiteRunnerWorker.runSuite(SuiteRunnerWorker.java:52)
	at org.testng.SuiteRunnerWorker.run(SuiteRunnerWorker.java:86)
	at org.testng.TestNG.runSuitesSequentially(TestNG.java:1198)
	at org.testng.TestNG.runSuitesLocally(TestNG.java:1123)
	at org.testng.TestNG.run(TestNG.java:1031)
	at org.apache.maven.surefire.testng.TestNGExecutor.run(TestNGExecutor.java:283)
	at org.apache.maven.surefire.testng.TestNGXmlTestSuite.execute(TestNGXmlTestSuite.java:75)
	at org.apache.maven.surefire.testng.TestNGProvider.invoke(TestNGProvider.java:120)
	at org.apache.maven.surefire.booter.ForkedBooter.invokeProviderInSameClassLoader(ForkedBooter.java:384)
	at org.apache.maven.surefire.booter.ForkedBooter.runSuitesInProcess(ForkedBooter.java:345)
	at org.apache.maven.surefire.booter.ForkedBooter.execute(ForkedBooter.java:126)
	at org.apache.maven.surefire.booter.ForkedBooter.main(ForkedBooter.java:418)
</pre></div></td>
<td>0</td>
<td>com.qa.testcases.DashBoardPageTest@32e6e9c3</td></tr>
<tr>
<td title='com.qa.testcases.AddNewPageTest.setup()'><b>setup</b><br>Test class: com.qa.testcases.AddNewPageTest</td>
<td><div><pre>org.openqa.selenium.SessionNotCreatedException: session not created
from disconnected: received Inspector.detached event
  (Session info: chrome=74.0.3729.169)
  (Driver info: chromedriver=2.46.628402 (536cd7adbad73a3783fdc2cab92ab2ba7ec361e1),platform=Windows NT 6.1.7601 SP1 x86_64) (WARNING: The server did not provide any stacktrace information)
Command duration or timeout: 3.50 seconds
Build info: version: &apos;2.45.0&apos;, revision: &apos;5017cb8e7ca8e37638dc3091b2440b90a1d8686f&apos;, time: &apos;2015-02-27 09:10:26&apos;
System info: host: &apos;Priyanka_Acer&apos;, ip: &apos;192.168.43.180&apos;, os.name: &apos;Windows 7&apos;, os.arch: &apos;amd64&apos;, os.version: &apos;6.1&apos;, java.version: &apos;1.8.0_191&apos;
Driver info: org.openqa.selenium.chrome.ChromeDriver
	at org.openqa.selenium.remote.ErrorHandler.createThrowable(ErrorHandler.java:204)
	at org.openqa.selenium.remote.ErrorHandler.throwIfResponseFailed(ErrorHandler.java:156)
	at org.openqa.selenium.remote.RemoteWebDriver.execute(RemoteWebDriver.java:599)
	at org.openqa.selenium.remote.RemoteWebDriver.startSession(RemoteWebDriver.java:240)
	at org.openqa.selenium.remote.RemoteWebDriver.&lt;init&gt;(RemoteWebDriver.java:126)
	at org.openqa.selenium.remote.RemoteWebDriver.&lt;init&gt;(RemoteWebDriver.java:139)
	at org.openqa.selenium.chrome.ChromeDriver.&lt;init&gt;(ChromeDriver.java:171)
	at org.openqa.selenium.chrome.ChromeDriver.&lt;init&gt;(ChromeDriver.java:160)
	at org.openqa.selenium.chrome.ChromeDriver.&lt;init&gt;(ChromeDriver.java:117)
	at com.qa.base.TestBase.Initialization(TestBase.java:36)
	at com.qa.testcases.AddNewPageTest.setup(AddNewPageTest.java:27)
	at org.apache.maven.surefire.testng.TestNGExecutor.run(TestNGExecutor.java:283)
	at org.apache.maven.surefire.testng.TestNGXmlTestSuite.execute(TestNGXmlTestSuite.java:75)
	at org.apache.maven.surefire.testng.TestNGProvider.invoke(TestNGProvider.java:120)
	at org.apache.maven.surefire.booter.ForkedBooter.invokeProviderInSameClassLoader(ForkedBooter.java:384)
	at org.apache.maven.surefire.booter.ForkedBooter.runSuitesInProcess(ForkedBooter.java:345)
	at org.apache.maven.surefire.booter.ForkedBooter.execute(ForkedBooter.java:126)
	at org.apache.maven.surefire.booter.ForkedBooter.main(ForkedBooter.java:418)
... Removed 27 stack frames</pre></div><a href='#' onClick='toggleBox("stack-trace1262548561", this, "Click to show all stack frames", "Click to hide stack frames")'>Click to show all stack frames</a>
<div class='stack-trace' id='stack-trace1262548561'><pre>org.openqa.selenium.SessionNotCreatedException: session not created
from disconnected: received Inspector.detached event
  (Session info: chrome=74.0.3729.169)
  (Driver info: chromedriver=2.46.628402 (536cd7adbad73a3783fdc2cab92ab2ba7ec361e1),platform=Windows NT 6.1.7601 SP1 x86_64) (WARNING: The server did not provide any stacktrace information)
Command duration or timeout: 3.50 seconds
Build info: version: &apos;2.45.0&apos;, revision: &apos;5017cb8e7ca8e37638dc3091b2440b90a1d8686f&apos;, time: &apos;2015-02-27 09:10:26&apos;
System info: host: &apos;Priyanka_Acer&apos;, ip: &apos;192.168.43.180&apos;, os.name: &apos;Windows 7&apos;, os.arch: &apos;amd64&apos;, os.version: &apos;6.1&apos;, java.version: &apos;1.8.0_191&apos;
Driver info: org.openqa.selenium.chrome.ChromeDriver
	at sun.reflect.NativeConstructorAccessorImpl.newInstance0(Native Method)
	at sun.reflect.NativeConstructorAccessorImpl.newInstance(NativeConstructorAccessorImpl.java:62)
	at sun.reflect.DelegatingConstructorAccessorImpl.newInstance(DelegatingConstructorAccessorImpl.java:45)
	at java.lang.reflect.Constructor.newInstance(Constructor.java:423)
	at org.openqa.selenium.remote.ErrorHandler.createThrowable(ErrorHandler.java:204)
	at org.openqa.selenium.remote.ErrorHandler.throwIfResponseFailed(ErrorHandler.java:156)
	at org.openqa.selenium.remote.RemoteWebDriver.execute(RemoteWebDriver.java:599)
	at org.openqa.selenium.remote.RemoteWebDriver.startSession(RemoteWebDriver.java:240)
	at org.openqa.selenium.remote.RemoteWebDriver.&lt;init&gt;(RemoteWebDriver.java:126)
	at org.openqa.selenium.remote.RemoteWebDriver.&lt;init&gt;(RemoteWebDriver.java:139)
	at org.openqa.selenium.chrome.ChromeDriver.&lt;init&gt;(ChromeDriver.java:171)
	at org.openqa.selenium.chrome.ChromeDriver.&lt;init&gt;(ChromeDriver.java:160)
	at org.openqa.selenium.chrome.ChromeDriver.&lt;init&gt;(ChromeDriver.java:117)
	at com.qa.base.TestBase.Initialization(TestBase.java:36)
	at com.qa.testcases.AddNewPageTest.setup(AddNewPageTest.java:27)
	at sun.reflect.NativeMethodAccessorImpl.invoke0(Native Method)
	at sun.reflect.NativeMethodAccessorImpl.invoke(NativeMethodAccessorImpl.java:62)
	at sun.reflect.DelegatingMethodAccessorImpl.invoke(DelegatingMethodAccessorImpl.java:43)
	at java.lang.reflect.Method.invoke(Method.java:498)
	at org.testng.internal.MethodInvocationHelper.invokeMethod(MethodInvocationHelper.java:80)
	at org.testng.internal.Invoker.invokeConfigurationMethod(Invoker.java:564)
	at org.testng.internal.Invoker.invokeConfigurations(Invoker.java:213)
	at org.testng.internal.Invoker.invokeMethod(Invoker.java:653)
	at org.testng.internal.Invoker.invokeTestMethod(Invoker.java:901)
	at org.testng.internal.Invoker.invokeTestMethods(Invoker.java:1231)
	at org.testng.internal.TestMethodWorker.invokeTestMethods(TestMethodWorker.java:127)
	at org.testng.internal.TestMethodWorker.run(TestMethodWorker.java:111)
	at org.testng.TestRunner.privateRun(TestRunner.java:767)
	at org.testng.TestRunner.run(TestRunner.java:617)
	at org.testng.SuiteRunner.runTest(SuiteRunner.java:334)
	at org.testng.SuiteRunner.runSequentially(SuiteRunner.java:329)
	at org.testng.SuiteRunner.privateRun(SuiteRunner.java:291)
	at org.testng.SuiteRunner.run(SuiteRunner.java:240)
	at org.testng.SuiteRunnerWorker.runSuite(SuiteRunnerWorker.java:52)
	at org.testng.SuiteRunnerWorker.run(SuiteRunnerWorker.java:86)
	at org.testng.TestNG.runSuitesSequentially(TestNG.java:1198)
	at org.testng.TestNG.runSuitesLocally(TestNG.java:1123)
	at org.testng.TestNG.run(TestNG.java:1031)
	at org.apache.maven.surefire.testng.TestNGExecutor.run(TestNGExecutor.java:283)
	at org.apache.maven.surefire.testng.TestNGXmlTestSuite.execute(TestNGXmlTestSuite.java:75)
	at org.apache.maven.surefire.testng.TestNGProvider.invoke(TestNGProvider.java:120)
	at org.apache.maven.surefire.booter.ForkedBooter.invokeProviderInSameClassLoader(ForkedBooter.java:384)
	at org.apache.maven.surefire.booter.ForkedBooter.runSuitesInProcess(ForkedBooter.java:345)
	at org.apache.maven.surefire.booter.ForkedBooter.execute(ForkedBooter.java:126)
	at org.apache.maven.surefire.booter.ForkedBooter.main(ForkedBooter.java:418)
</pre></div></td>
<td>0</td>
<td>com.qa.testcases.AddNewPageTest@5056dfcb</td></tr>
<tr>
<td title='com.qa.testcases.LoginPageTest.setUp()'><b>setUp</b><br>Test class: com.qa.testcases.LoginPageTest</td>
<td><div><pre>org.openqa.selenium.SessionNotCreatedException: session not created
from chrome not reachable
  (Session info: chrome=74.0.3729.169)
  (Driver info: chromedriver=2.46.628402 (536cd7adbad73a3783fdc2cab92ab2ba7ec361e1),platform=Windows NT 6.1.7601 SP1 x86_64) (WARNING: The server did not provide any stacktrace information)
Command duration or timeout: 5.17 seconds
Build info: version: &apos;2.45.0&apos;, revision: &apos;5017cb8e7ca8e37638dc3091b2440b90a1d8686f&apos;, time: &apos;2015-02-27 09:10:26&apos;
System info: host: &apos;Priyanka_Acer&apos;, ip: &apos;192.168.43.180&apos;, os.name: &apos;Windows 7&apos;, os.arch: &apos;amd64&apos;, os.version: &apos;6.1&apos;, java.version: &apos;1.8.0_191&apos;
Driver info: org.openqa.selenium.chrome.ChromeDriver
	at org.openqa.selenium.remote.ErrorHandler.createThrowable(ErrorHandler.java:204)
	at org.openqa.selenium.remote.ErrorHandler.throwIfResponseFailed(ErrorHandler.java:156)
	at org.openqa.selenium.remote.RemoteWebDriver.execute(RemoteWebDriver.java:599)
	at org.openqa.selenium.remote.RemoteWebDriver.startSession(RemoteWebDriver.java:240)
	at org.openqa.selenium.remote.RemoteWebDriver.&lt;init&gt;(RemoteWebDriver.java:126)
	at org.openqa.selenium.remote.RemoteWebDriver.&lt;init&gt;(RemoteWebDriver.java:139)
	at org.openqa.selenium.chrome.ChromeDriver.&lt;init&gt;(ChromeDriver.java:171)
	at org.openqa.selenium.chrome.ChromeDriver.&lt;init&gt;(ChromeDriver.java:160)
	at org.openqa.selenium.chrome.ChromeDriver.&lt;init&gt;(ChromeDriver.java:117)
	at com.qa.base.TestBase.Initialization(TestBase.java:36)
	at com.qa.testcases.LoginPageTest.setUp(LoginPageTest.java:24)
	at org.apache.maven.surefire.testng.TestNGExecutor.run(TestNGExecutor.java:283)
	at org.apache.maven.surefire.testng.TestNGXmlTestSuite.execute(TestNGXmlTestSuite.java:75)
	at org.apache.maven.surefire.testng.TestNGProvider.invoke(TestNGProvider.java:120)
	at org.apache.maven.surefire.booter.ForkedBooter.invokeProviderInSameClassLoader(ForkedBooter.java:384)
	at org.apache.maven.surefire.booter.ForkedBooter.runSuitesInProcess(ForkedBooter.java:345)
	at org.apache.maven.surefire.booter.ForkedBooter.execute(ForkedBooter.java:126)
	at org.apache.maven.surefire.booter.ForkedBooter.main(ForkedBooter.java:418)
... Removed 27 stack frames</pre></div><a href='#' onClick='toggleBox("stack-trace434437292", this, "Click to show all stack frames", "Click to hide stack frames")'>Click to show all stack frames</a>
<div class='stack-trace' id='stack-trace434437292'><pre>org.openqa.selenium.SessionNotCreatedException: session not created
from chrome not reachable
  (Session info: chrome=74.0.3729.169)
  (Driver info: chromedriver=2.46.628402 (536cd7adbad73a3783fdc2cab92ab2ba7ec361e1),platform=Windows NT 6.1.7601 SP1 x86_64) (WARNING: The server did not provide any stacktrace information)
Command duration or timeout: 5.17 seconds
Build info: version: &apos;2.45.0&apos;, revision: &apos;5017cb8e7ca8e37638dc3091b2440b90a1d8686f&apos;, time: &apos;2015-02-27 09:10:26&apos;
System info: host: &apos;Priyanka_Acer&apos;, ip: &apos;192.168.43.180&apos;, os.name: &apos;Windows 7&apos;, os.arch: &apos;amd64&apos;, os.version: &apos;6.1&apos;, java.version: &apos;1.8.0_191&apos;
Driver info: org.openqa.selenium.chrome.ChromeDriver
	at sun.reflect.NativeConstructorAccessorImpl.newInstance0(Native Method)
	at sun.reflect.NativeConstructorAccessorImpl.newInstance(NativeConstructorAccessorImpl.java:62)
	at sun.reflect.DelegatingConstructorAccessorImpl.newInstance(DelegatingConstructorAccessorImpl.java:45)
	at java.lang.reflect.Constructor.newInstance(Constructor.java:423)
	at org.openqa.selenium.remote.ErrorHandler.createThrowable(ErrorHandler.java:204)
	at org.openqa.selenium.remote.ErrorHandler.throwIfResponseFailed(ErrorHandler.java:156)
	at org.openqa.selenium.remote.RemoteWebDriver.execute(RemoteWebDriver.java:599)
	at org.openqa.selenium.remote.RemoteWebDriver.startSession(RemoteWebDriver.java:240)
	at org.openqa.selenium.remote.RemoteWebDriver.&lt;init&gt;(RemoteWebDriver.java:126)
	at org.openqa.selenium.remote.RemoteWebDriver.&lt;init&gt;(RemoteWebDriver.java:139)
	at org.openqa.selenium.chrome.ChromeDriver.&lt;init&gt;(ChromeDriver.java:171)
	at org.openqa.selenium.chrome.ChromeDriver.&lt;init&gt;(ChromeDriver.java:160)
	at org.openqa.selenium.chrome.ChromeDriver.&lt;init&gt;(ChromeDriver.java:117)
	at com.qa.base.TestBase.Initialization(TestBase.java:36)
	at com.qa.testcases.LoginPageTest.setUp(LoginPageTest.java:24)
	at sun.reflect.NativeMethodAccessorImpl.invoke0(Native Method)
	at sun.reflect.NativeMethodAccessorImpl.invoke(NativeMethodAccessorImpl.java:62)
	at sun.reflect.DelegatingMethodAccessorImpl.invoke(DelegatingMethodAccessorImpl.java:43)
	at java.lang.reflect.Method.invoke(Method.java:498)
	at org.testng.internal.MethodInvocationHelper.invokeMethod(MethodInvocationHelper.java:80)
	at org.testng.internal.Invoker.invokeConfigurationMethod(Invoker.java:564)
	at org.testng.internal.Invoker.invokeConfigurations(Invoker.java:213)
	at org.testng.internal.Invoker.invokeMethod(Invoker.java:653)
	at org.testng.internal.Invoker.invokeTestMethod(Invoker.java:901)
	at org.testng.internal.Invoker.invokeTestMethods(Invoker.java:1231)
	at org.testng.internal.TestMethodWorker.invokeTestMethods(TestMethodWorker.java:127)
	at org.testng.internal.TestMethodWorker.run(TestMethodWorker.java:111)
	at org.testng.TestRunner.privateRun(TestRunner.java:767)
	at org.testng.TestRunner.run(TestRunner.java:617)
	at org.testng.SuiteRunner.runTest(SuiteRunner.java:334)
	at org.testng.SuiteRunner.runSequentially(SuiteRunner.java:329)
	at org.testng.SuiteRunner.privateRun(SuiteRunner.java:291)
	at org.testng.SuiteRunner.run(SuiteRunner.java:240)
	at org.testng.SuiteRunnerWorker.runSuite(SuiteRunnerWorker.java:52)
	at org.testng.SuiteRunnerWorker.run(SuiteRunnerWorker.java:86)
	at org.testng.TestNG.runSuitesSequentially(TestNG.java:1198)
	at org.testng.TestNG.runSuitesLocally(TestNG.java:1123)
	at org.testng.TestNG.run(TestNG.java:1031)
	at org.apache.maven.surefire.testng.TestNGExecutor.run(TestNGExecutor.java:283)
	at org.apache.maven.surefire.testng.TestNGXmlTestSuite.execute(TestNGXmlTestSuite.java:75)
	at org.apache.maven.surefire.testng.TestNGProvider.invoke(TestNGProvider.java:120)
	at org.apache.maven.surefire.booter.ForkedBooter.invokeProviderInSameClassLoader(ForkedBooter.java:384)
	at org.apache.maven.surefire.booter.ForkedBooter.runSuitesInProcess(ForkedBooter.java:345)
	at org.apache.maven.surefire.booter.ForkedBooter.execute(ForkedBooter.java:126)
	at org.apache.maven.surefire.booter.ForkedBooter.main(ForkedBooter.java:418)
</pre></div></td>
<td>0</td>
<td>com.qa.testcases.LoginPageTest@b97c004</td></tr>
<tr>
<td title='com.qa.testcases.MerchandsPageTest.setup()'><b>setup</b><br>Test class: com.qa.testcases.MerchandsPageTest</td>
<td><div><pre>org.openqa.selenium.SessionNotCreatedException: session not created
from chrome not reachable
  (Session info: chrome=74.0.3729.169)
  (Driver info: chromedriver=2.46.628402 (536cd7adbad73a3783fdc2cab92ab2ba7ec361e1),platform=Windows NT 6.1.7601 SP1 x86_64) (WARNING: The server did not provide any stacktrace information)
Command duration or timeout: 8.03 seconds
Build info: version: &apos;2.45.0&apos;, revision: &apos;5017cb8e7ca8e37638dc3091b2440b90a1d8686f&apos;, time: &apos;2015-02-27 09:10:26&apos;
System info: host: &apos;Priyanka_Acer&apos;, ip: &apos;192.168.43.180&apos;, os.name: &apos;Windows 7&apos;, os.arch: &apos;amd64&apos;, os.version: &apos;6.1&apos;, java.version: &apos;1.8.0_191&apos;
Driver info: org.openqa.selenium.chrome.ChromeDriver
	at org.openqa.selenium.remote.ErrorHandler.createThrowable(ErrorHandler.java:204)
	at org.openqa.selenium.remote.ErrorHandler.throwIfResponseFailed(ErrorHandler.java:156)
	at org.openqa.selenium.remote.RemoteWebDriver.execute(RemoteWebDriver.java:599)
	at org.openqa.selenium.remote.RemoteWebDriver.startSession(RemoteWebDriver.java:240)
	at org.openqa.selenium.remote.RemoteWebDriver.&lt;init&gt;(RemoteWebDriver.java:126)
	at org.openqa.selenium.remote.RemoteWebDriver.&lt;init&gt;(RemoteWebDriver.java:139)
	at org.openqa.selenium.chrome.ChromeDriver.&lt;init&gt;(ChromeDriver.java:171)
	at org.openqa.selenium.chrome.ChromeDriver.&lt;init&gt;(ChromeDriver.java:160)
	at org.openqa.selenium.chrome.ChromeDriver.&lt;init&gt;(ChromeDriver.java:117)
	at com.qa.base.TestBase.Initialization(TestBase.java:36)
	at com.qa.testcases.MerchandsPageTest.setup(MerchandsPageTest.java:30)
	at org.apache.maven.surefire.testng.TestNGExecutor.run(TestNGExecutor.java:283)
	at org.apache.maven.surefire.testng.TestNGXmlTestSuite.execute(TestNGXmlTestSuite.java:75)
	at org.apache.maven.surefire.testng.TestNGProvider.invoke(TestNGProvider.java:120)
	at org.apache.maven.surefire.booter.ForkedBooter.invokeProviderInSameClassLoader(ForkedBooter.java:384)
	at org.apache.maven.surefire.booter.ForkedBooter.runSuitesInProcess(ForkedBooter.java:345)
	at org.apache.maven.surefire.booter.ForkedBooter.execute(ForkedBooter.java:126)
	at org.apache.maven.surefire.booter.ForkedBooter.main(ForkedBooter.java:418)
... Removed 27 stack frames</pre></div><a href='#' onClick='toggleBox("stack-trace640808588", this, "Click to show all stack frames", "Click to hide stack frames")'>Click to show all stack frames</a>
<div class='stack-trace' id='stack-trace640808588'><pre>org.openqa.selenium.SessionNotCreatedException: session not created
from chrome not reachable
  (Session info: chrome=74.0.3729.169)
  (Driver info: chromedriver=2.46.628402 (536cd7adbad73a3783fdc2cab92ab2ba7ec361e1),platform=Windows NT 6.1.7601 SP1 x86_64) (WARNING: The server did not provide any stacktrace information)
Command duration or timeout: 8.03 seconds
Build info: version: &apos;2.45.0&apos;, revision: &apos;5017cb8e7ca8e37638dc3091b2440b90a1d8686f&apos;, time: &apos;2015-02-27 09:10:26&apos;
System info: host: &apos;Priyanka_Acer&apos;, ip: &apos;192.168.43.180&apos;, os.name: &apos;Windows 7&apos;, os.arch: &apos;amd64&apos;, os.version: &apos;6.1&apos;, java.version: &apos;1.8.0_191&apos;
Driver info: org.openqa.selenium.chrome.ChromeDriver
	at sun.reflect.NativeConstructorAccessorImpl.newInstance0(Native Method)
	at sun.reflect.NativeConstructorAccessorImpl.newInstance(NativeConstructorAccessorImpl.java:62)
	at sun.reflect.DelegatingConstructorAccessorImpl.newInstance(DelegatingConstructorAccessorImpl.java:45)
	at java.lang.reflect.Constructor.newInstance(Constructor.java:423)
	at org.openqa.selenium.remote.ErrorHandler.createThrowable(ErrorHandler.java:204)
	at org.openqa.selenium.remote.ErrorHandler.throwIfResponseFailed(ErrorHandler.java:156)
	at org.openqa.selenium.remote.RemoteWebDriver.execute(RemoteWebDriver.java:599)
	at org.openqa.selenium.remote.RemoteWebDriver.startSession(RemoteWebDriver.java:240)
	at org.openqa.selenium.remote.RemoteWebDriver.&lt;init&gt;(RemoteWebDriver.java:126)
	at org.openqa.selenium.remote.RemoteWebDriver.&lt;init&gt;(RemoteWebDriver.java:139)
	at org.openqa.selenium.chrome.ChromeDriver.&lt;init&gt;(ChromeDriver.java:171)
	at org.openqa.selenium.chrome.ChromeDriver.&lt;init&gt;(ChromeDriver.java:160)
	at org.openqa.selenium.chrome.ChromeDriver.&lt;init&gt;(ChromeDriver.java:117)
	at com.qa.base.TestBase.Initialization(TestBase.java:36)
	at com.qa.testcases.MerchandsPageTest.setup(MerchandsPageTest.java:30)
	at sun.reflect.NativeMethodAccessorImpl.invoke0(Native Method)
	at sun.reflect.NativeMethodAccessorImpl.invoke(NativeMethodAccessorImpl.java:62)
	at sun.reflect.DelegatingMethodAccessorImpl.invoke(DelegatingMethodAccessorImpl.java:43)
	at java.lang.reflect.Method.invoke(Method.java:498)
	at org.testng.internal.MethodInvocationHelper.invokeMethod(MethodInvocationHelper.java:80)
	at org.testng.internal.Invoker.invokeConfigurationMethod(Invoker.java:564)
	at org.testng.internal.Invoker.invokeConfigurations(Invoker.java:213)
	at org.testng.internal.Invoker.invokeMethod(Invoker.java:653)
	at org.testng.internal.Invoker.invokeTestMethod(Invoker.java:901)
	at org.testng.internal.Invoker.invokeTestMethods(Invoker.java:1231)
	at org.testng.internal.TestMethodWorker.invokeTestMethods(TestMethodWorker.java:127)
	at org.testng.internal.TestMethodWorker.run(TestMethodWorker.java:111)
	at org.testng.TestRunner.privateRun(TestRunner.java:767)
	at org.testng.TestRunner.run(TestRunner.java:617)
	at org.testng.SuiteRunner.runTest(SuiteRunner.java:334)
	at org.testng.SuiteRunner.runSequentially(SuiteRunner.java:329)
	at org.testng.SuiteRunner.privateRun(SuiteRunner.java:291)
	at org.testng.SuiteRunner.run(SuiteRunner.java:240)
	at org.testng.SuiteRunnerWorker.runSuite(SuiteRunnerWorker.java:52)
	at org.testng.SuiteRunnerWorker.run(SuiteRunnerWorker.java:86)
	at org.testng.TestNG.runSuitesSequentially(TestNG.java:1198)
	at org.testng.TestNG.runSuitesLocally(TestNG.java:1123)
	at org.testng.TestNG.run(TestNG.java:1031)
	at org.apache.maven.surefire.testng.TestNGExecutor.run(TestNGExecutor.java:283)
	at org.apache.maven.surefire.testng.TestNGXmlTestSuite.execute(TestNGXmlTestSuite.java:75)
	at org.apache.maven.surefire.testng.TestNGProvider.invoke(TestNGProvider.java:120)
	at org.apache.maven.surefire.booter.ForkedBooter.invokeProviderInSameClassLoader(ForkedBooter.java:384)
	at org.apache.maven.surefire.booter.ForkedBooter.runSuitesInProcess(ForkedBooter.java:345)
	at org.apache.maven.surefire.booter.ForkedBooter.execute(ForkedBooter.java:126)
	at org.apache.maven.surefire.booter.ForkedBooter.main(ForkedBooter.java:418)
</pre></div></td>
<td>0</td>
<td>com.qa.testcases.MerchandsPageTest@4590c9c3</td></tr>
<tr>
<td title='com.qa.testcases.OrderPageTest.setup()'><b>setup</b><br>Test class: com.qa.testcases.OrderPageTest</td>
<td><div><pre>org.openqa.selenium.WebDriverException: chrome not reachable
  (Session info: chrome=74.0.3729.169)
  (Driver info: chromedriver=2.46.628402 (536cd7adbad73a3783fdc2cab92ab2ba7ec361e1),platform=Windows NT 6.1.7601 SP1 x86_64) (WARNING: The server did not provide any stacktrace information)
Command duration or timeout: 6.04 seconds
Build info: version: &apos;2.45.0&apos;, revision: &apos;5017cb8e7ca8e37638dc3091b2440b90a1d8686f&apos;, time: &apos;2015-02-27 09:10:26&apos;
System info: host: &apos;Priyanka_Acer&apos;, ip: &apos;192.168.43.180&apos;, os.name: &apos;Windows 7&apos;, os.arch: &apos;amd64&apos;, os.version: &apos;6.1&apos;, java.version: &apos;1.8.0_191&apos;
Driver info: org.openqa.selenium.chrome.ChromeDriver
Capabilities [{mobileEmulationEnabled=false, timeouts={implicit=0, pageLoad=300000, script=30000}, hasTouchScreen=false, platform=XP, acceptSslCerts=false, goog:chromeOptions={debuggerAddress=localhost:60039}, acceptInsecureCerts=false, webStorageEnabled=true, browserName=chrome, takesScreenshot=true, javascriptEnabled=true, setWindowRect=true, unexpectedAlertBehaviour=ignore, applicationCacheEnabled=false, rotatable=false, networkConnectionEnabled=false, chrome={chromedriverVersion=2.46.628402 (536cd7adbad73a3783fdc2cab92ab2ba7ec361e1), userDataDir=C:\Users\Priyanka\AppData\Local\Temp\scoped_dir7916_16360}, takesHeapSnapshot=true, pageLoadStrategy=normal, strictFileInteractability=false, databaseEnabled=false, handlesAlerts=true, version=74.0.3729.169, browserConnectionEnabled=false, proxy={}, nativeEvents=true, locationContextEnabled=true, cssSelectorsEnabled=true}]
Session ID: 73cd2c6448c7814a757332eb80e05b02
	at org.openqa.selenium.remote.ErrorHandler.createThrowable(ErrorHandler.java:204)
	at org.openqa.selenium.remote.ErrorHandler.throwIfResponseFailed(ErrorHandler.java:156)
	at org.openqa.selenium.remote.RemoteWebDriver.execute(RemoteWebDriver.java:599)
	at org.openqa.selenium.remote.RemoteWebDriver.execute(RemoteWebDriver.java:622)
	at org.openqa.selenium.remote.RemoteWebDriver$RemoteWebDriverOptions.deleteAllCookies(RemoteWebDriver.java:693)
	at com.qa.base.TestBase.Initialization(TestBase.java:44)
	at com.qa.testcases.OrderPageTest.setup(OrderPageTest.java:27)
	at org.apache.maven.surefire.testng.TestNGExecutor.run(TestNGExecutor.java:283)
	at org.apache.maven.surefire.testng.TestNGXmlTestSuite.execute(TestNGXmlTestSuite.java:75)
	at org.apache.maven.surefire.testng.TestNGProvider.invoke(TestNGProvider.java:120)
	at org.apache.maven.surefire.booter.ForkedBooter.invokeProviderInSameClassLoader(ForkedBooter.java:384)
	at org.apache.maven.surefire.booter.ForkedBooter.runSuitesInProcess(ForkedBooter.java:345)
	at org.apache.maven.surefire.booter.ForkedBooter.execute(ForkedBooter.java:126)
	at org.apache.maven.surefire.booter.ForkedBooter.main(ForkedBooter.java:418)
... Removed 27 stack frames</pre></div><a href='#' onClick='toggleBox("stack-trace413218476", this, "Click to show all stack frames", "Click to hide stack frames")'>Click to show all stack frames</a>
<div class='stack-trace' id='stack-trace413218476'><pre>org.openqa.selenium.WebDriverException: chrome not reachable
  (Session info: chrome=74.0.3729.169)
  (Driver info: chromedriver=2.46.628402 (536cd7adbad73a3783fdc2cab92ab2ba7ec361e1),platform=Windows NT 6.1.7601 SP1 x86_64) (WARNING: The server did not provide any stacktrace information)
Command duration or timeout: 6.04 seconds
Build info: version: &apos;2.45.0&apos;, revision: &apos;5017cb8e7ca8e37638dc3091b2440b90a1d8686f&apos;, time: &apos;2015-02-27 09:10:26&apos;
System info: host: &apos;Priyanka_Acer&apos;, ip: &apos;192.168.43.180&apos;, os.name: &apos;Windows 7&apos;, os.arch: &apos;amd64&apos;, os.version: &apos;6.1&apos;, java.version: &apos;1.8.0_191&apos;
Driver info: org.openqa.selenium.chrome.ChromeDriver
Capabilities [{mobileEmulationEnabled=false, timeouts={implicit=0, pageLoad=300000, script=30000}, hasTouchScreen=false, platform=XP, acceptSslCerts=false, goog:chromeOptions={debuggerAddress=localhost:60039}, acceptInsecureCerts=false, webStorageEnabled=true, browserName=chrome, takesScreenshot=true, javascriptEnabled=true, setWindowRect=true, unexpectedAlertBehaviour=ignore, applicationCacheEnabled=false, rotatable=false, networkConnectionEnabled=false, chrome={chromedriverVersion=2.46.628402 (536cd7adbad73a3783fdc2cab92ab2ba7ec361e1), userDataDir=C:\Users\Priyanka\AppData\Local\Temp\scoped_dir7916_16360}, takesHeapSnapshot=true, pageLoadStrategy=normal, strictFileInteractability=false, databaseEnabled=false, handlesAlerts=true, version=74.0.3729.169, browserConnectionEnabled=false, proxy={}, nativeEvents=true, locationContextEnabled=true, cssSelectorsEnabled=true}]
Session ID: 73cd2c6448c7814a757332eb80e05b02
	at sun.reflect.NativeConstructorAccessorImpl.newInstance0(Native Method)
	at sun.reflect.NativeConstructorAccessorImpl.newInstance(NativeConstructorAccessorImpl.java:62)
	at sun.reflect.DelegatingConstructorAccessorImpl.newInstance(DelegatingConstructorAccessorImpl.java:45)
	at java.lang.reflect.Constructor.newInstance(Constructor.java:423)
	at org.openqa.selenium.remote.ErrorHandler.createThrowable(ErrorHandler.java:204)
	at org.openqa.selenium.remote.ErrorHandler.throwIfResponseFailed(ErrorHandler.java:156)
	at org.openqa.selenium.remote.RemoteWebDriver.execute(RemoteWebDriver.java:599)
	at org.openqa.selenium.remote.RemoteWebDriver.execute(RemoteWebDriver.java:622)
	at org.openqa.selenium.remote.RemoteWebDriver$RemoteWebDriverOptions.deleteAllCookies(RemoteWebDriver.java:693)
	at com.qa.base.TestBase.Initialization(TestBase.java:44)
	at com.qa.testcases.OrderPageTest.setup(OrderPageTest.java:27)
	at sun.reflect.NativeMethodAccessorImpl.invoke0(Native Method)
	at sun.reflect.NativeMethodAccessorImpl.invoke(NativeMethodAccessorImpl.java:62)
	at sun.reflect.DelegatingMethodAccessorImpl.invoke(DelegatingMethodAccessorImpl.java:43)
	at java.lang.reflect.Method.invoke(Method.java:498)
	at org.testng.internal.MethodInvocationHelper.invokeMethod(MethodInvocationHelper.java:80)
	at org.testng.internal.Invoker.invokeConfigurationMethod(Invoker.java:564)
	at org.testng.internal.Invoker.invokeConfigurations(Invoker.java:213)
	at org.testng.internal.Invoker.invokeMethod(Invoker.java:653)
	at org.testng.internal.Invoker.invokeTestMethod(Invoker.java:901)
	at org.testng.internal.Invoker.invokeTestMethods(Invoker.java:1231)
	at org.testng.internal.TestMethodWorker.invokeTestMethods(TestMethodWorker.java:127)
	at org.testng.internal.TestMethodWorker.run(TestMethodWorker.java:111)
	at org.testng.TestRunner.privateRun(TestRunner.java:767)
	at org.testng.TestRunner.run(TestRunner.java:617)
	at org.testng.SuiteRunner.runTest(SuiteRunner.java:334)
	at org.testng.SuiteRunner.runSequentially(SuiteRunner.java:329)
	at org.testng.SuiteRunner.privateRun(SuiteRunner.java:291)
	at org.testng.SuiteRunner.run(SuiteRunner.java:240)
	at org.testng.SuiteRunnerWorker.runSuite(SuiteRunnerWorker.java:52)
	at org.testng.SuiteRunnerWorker.run(SuiteRunnerWorker.java:86)
	at org.testng.TestNG.runSuitesSequentially(TestNG.java:1198)
	at org.testng.TestNG.runSuitesLocally(TestNG.java:1123)
	at org.testng.TestNG.run(TestNG.java:1031)
	at org.apache.maven.surefire.testng.TestNGExecutor.run(TestNGExecutor.java:283)
	at org.apache.maven.surefire.testng.TestNGXmlTestSuite.execute(TestNGXmlTestSuite.java:75)
	at org.apache.maven.surefire.testng.TestNGProvider.invoke(TestNGProvider.java:120)
	at org.apache.maven.surefire.booter.ForkedBooter.invokeProviderInSameClassLoader(ForkedBooter.java:384)
	at org.apache.maven.surefire.booter.ForkedBooter.runSuitesInProcess(ForkedBooter.java:345)
	at org.apache.maven.surefire.booter.ForkedBooter.execute(ForkedBooter.java:126)
	at org.apache.maven.surefire.booter.ForkedBooter.main(ForkedBooter.java:418)
</pre></div></td>
<td>0</td>
<td>com.qa.testcases.OrderPageTest@97e1986</td></tr>
</table><p>
<table width='100%' border='1' class='invocation-skipped'>
<tr><td colspan='4' align='center'><b>SKIPPED CONFIGURATIONS</b></td></tr>
<tr><td><b>Test method</b></td>
<td width="30%"><b>Exception</b></td>
<td width="10%"><b>Time (seconds)</b></td>
<td><b>Instance</b></td>
</tr>
<tr>
<td title='com.qa.testcases.DashBoardPageTest.setUp()'><b>setUp</b><br>Test class: com.qa.testcases.DashBoardPageTest</td>
<td></td>
<td>0</td>
<td>com.qa.testcases.DashBoardPageTest@32e6e9c3</td></tr>
<tr>
<td title='com.qa.testcases.AddNewPageTest.setup()'><b>setup</b><br>Test class: com.qa.testcases.AddNewPageTest</td>
<td></td>
<td>0</td>
<td>com.qa.testcases.AddNewPageTest@5056dfcb</td></tr>
<tr>
<td title='com.qa.testcases.LoginPageTest.setUp()'><b>setUp</b><br>Test class: com.qa.testcases.LoginPageTest</td>
<td></td>
<td>0</td>
<td>com.qa.testcases.LoginPageTest@b97c004</td></tr>
<tr>
<td title='com.qa.testcases.MerchandsPageTest.setup()'><b>setup</b><br>Test class: com.qa.testcases.MerchandsPageTest</td>
<td></td>
<td>0</td>
<td>com.qa.testcases.MerchandsPageTest@4590c9c3</td></tr>
<tr>
<td title='com.qa.testcases.OrderPageTest.setup()'><b>setup</b><br>Test class: com.qa.testcases.OrderPageTest</td>
<td></td>
<td>0</td>
<td>com.qa.testcases.OrderPageTest@97e1986</td></tr>
<tr>
<td title='com.qa.testcases.DashBoardPageTest.setUp()'><b>setUp</b><br>Test class: com.qa.testcases.DashBoardPageTest</td>
<td></td>
<td>0</td>
<td>com.qa.testcases.DashBoardPageTest@32e6e9c3</td></tr>
<tr>
<td title='com.qa.testcases.LoginPageTest.setUp()'><b>setUp</b><br>Test class: com.qa.testcases.LoginPageTest</td>
<td></td>
<td>0</td>
<td>com.qa.testcases.LoginPageTest@b97c004</td></tr>
<tr>
<td title='com.qa.testcases.MerchandsPageTest.setup()'><b>setup</b><br>Test class: com.qa.testcases.MerchandsPageTest</td>
<td></td>
<td>0</td>
<td>com.qa.testcases.MerchandsPageTest@4590c9c3</td></tr>
<tr>
<td title='com.qa.testcases.OrderPageTest.setup()'><b>setup</b><br>Test class: com.qa.testcases.OrderPageTest</td>
<td></td>
<td>0</td>
<td>com.qa.testcases.OrderPageTest@97e1986</td></tr>
<tr>
<td title='com.qa.testcases.DashBoardPageTest.setUp()'><b>setUp</b><br>Test class: com.qa.testcases.DashBoardPageTest</td>
<td></td>
<td>0</td>
<td>com.qa.testcases.DashBoardPageTest@32e6e9c3</td></tr>
<tr>
<td title='com.qa.testcases.LoginPageTest.setUp()'><b>setUp</b><br>Test class: com.qa.testcases.LoginPageTest</td>
<td></td>
<td>0</td>
<td>com.qa.testcases.LoginPageTest@b97c004</td></tr>
<tr>
<td title='com.qa.testcases.MerchandsPageTest.setup()'><b>setup</b><br>Test class: com.qa.testcases.MerchandsPageTest</td>
<td></td>
<td>0</td>
<td>com.qa.testcases.MerchandsPageTest@4590c9c3</td></tr>
<tr>
<td title='com.qa.testcases.OrderPageTest.setup()'><b>setup</b><br>Test class: com.qa.testcases.OrderPageTest</td>
<td></td>
<td>0</td>
<td>com.qa.testcases.OrderPageTest@97e1986</td></tr>
<tr>
<td title='com.qa.testcases.DashBoardPageTest.setUp()'><b>setUp</b><br>Test class: com.qa.testcases.DashBoardPageTest</td>
<td></td>
<td>0</td>
<td>com.qa.testcases.DashBoardPageTest@32e6e9c3</td></tr>
<tr>
<td title='com.qa.testcases.LoginPageTest.setUp()'><b>setUp</b><br>Test class: com.qa.testcases.LoginPageTest</td>
<td></td>
<td>0</td>
<td>com.qa.testcases.LoginPageTest@b97c004</td></tr>
<tr>
<td title='com.qa.testcases.MerchandsPageTest.setup()'><b>setup</b><br>Test class: com.qa.testcases.MerchandsPageTest</td>
<td></td>
<td>0</td>
<td>com.qa.testcases.MerchandsPageTest@4590c9c3</td></tr>
<tr>
<td title='com.qa.testcases.OrderPageTest.setup()'><b>setup</b><br>Test class: com.qa.testcases.OrderPageTest</td>
<td></td>
<td>0</td>
<td>com.qa.testcases.OrderPageTest@97e1986</td></tr>
<tr>
<td title='com.qa.testcases.DashBoardPageTest.setUp()'><b>setUp</b><br>Test class: com.qa.testcases.DashBoardPageTest</td>
<td></td>
<td>0</td>
<td>com.qa.testcases.DashBoardPageTest@32e6e9c3</td></tr>
<tr>
<td title='com.qa.testcases.LoginPageTest.setUp()'><b>setUp</b><br>Test class: com.qa.testcases.LoginPageTest</td>
<td></td>
<td>0</td>
<td>com.qa.testcases.LoginPageTest@b97c004</td></tr>
<tr>
<td title='com.qa.testcases.MerchandsPageTest.setup()'><b>setup</b><br>Test class: com.qa.testcases.MerchandsPageTest</td>
<td></td>
<td>0</td>
<td>com.qa.testcases.MerchandsPageTest@4590c9c3</td></tr>
<tr>
<td title='com.qa.testcases.OrderPageTest.setup()'><b>setup</b><br>Test class: com.qa.testcases.OrderPageTest</td>
<td></td>
<td>0</td>
<td>com.qa.testcases.OrderPageTest@97e1986</td></tr>
<tr>
<td title='com.qa.testcases.DashBoardPageTest.setUp()'><b>setUp</b><br>Test class: com.qa.testcases.DashBoardPageTest</td>
<td></td>
<td>0</td>
<td>com.qa.testcases.DashBoardPageTest@32e6e9c3</td></tr>
<tr>
<td title='com.qa.testcases.LoginPageTest.setUp()'><b>setUp</b><br>Test class: com.qa.testcases.LoginPageTest</td>
<td></td>
<td>0</td>
<td>com.qa.testcases.LoginPageTest@b97c004</td></tr>
<tr>
<td title='com.qa.testcases.MerchandsPageTest.setup()'><b>setup</b><br>Test class: com.qa.testcases.MerchandsPageTest</td>
<td></td>
<td>0</td>
<td>com.qa.testcases.MerchandsPageTest@4590c9c3</td></tr>
<tr>
<td title='com.qa.testcases.OrderPageTest.setup()'><b>setup</b><br>Test class: com.qa.testcases.OrderPageTest</td>
<td></td>
<td>0</td>
<td>com.qa.testcases.OrderPageTest@97e1986</td></tr>
<tr>
<td title='com.qa.testcases.DashBoardPageTest.setUp()'><b>setUp</b><br>Test class: com.qa.testcases.DashBoardPageTest</td>
<td></td>
<td>0</td>
<td>com.qa.testcases.DashBoardPageTest@32e6e9c3</td></tr>
<tr>
<td title='com.qa.testcases.LoginPageTest.setUp()'><b>setUp</b><br>Test class: com.qa.testcases.LoginPageTest</td>
<td></td>
<td>0</td>
<td>com.qa.testcases.LoginPageTest@b97c004</td></tr>
<tr>
<td title='com.qa.testcases.OrderPageTest.setup()'><b>setup</b><br>Test class: com.qa.testcases.OrderPageTest</td>
<td></td>
<td>0</td>
<td>com.qa.testcases.OrderPageTest@97e1986</td></tr>
<tr>
<td title='com.qa.testcases.DashBoardPageTest.setUp()'><b>setUp</b><br>Test class: com.qa.testcases.DashBoardPageTest</td>
<td></td>
<td>0</td>
<td>com.qa.testcases.DashBoardPageTest@32e6e9c3</td></tr>
<tr>
<td title='com.qa.testcases.LoginPageTest.setUp()'><b>setUp</b><br>Test class: com.qa.testcases.LoginPageTest</td>
<td></td>
<td>0</td>
<td>com.qa.testcases.LoginPageTest@b97c004</td></tr>
<tr>
<td title='com.qa.testcases.DashBoardPageTest.setUp()'><b>setUp</b><br>Test class: com.qa.testcases.DashBoardPageTest</td>
<td></td>
<td>0</td>
<td>com.qa.testcases.DashBoardPageTest@32e6e9c3</td></tr>
<tr>
<td title='com.qa.testcases.LoginPageTest.setUp()'><b>setUp</b><br>Test class: com.qa.testcases.LoginPageTest</td>
<td></td>
<td>0</td>
<td>com.qa.testcases.LoginPageTest@b97c004</td></tr>
<tr>
<td title='com.qa.testcases.DashBoardPageTest.setUp()'><b>setUp</b><br>Test class: com.qa.testcases.DashBoardPageTest</td>
<td></td>
<td>0</td>
<td>com.qa.testcases.DashBoardPageTest@32e6e9c3</td></tr>
<tr>
<td title='com.qa.testcases.LoginPageTest.setUp()'><b>setUp</b><br>Test class: com.qa.testcases.LoginPageTest</td>
<td></td>
<td>0</td>
<td>com.qa.testcases.LoginPageTest@b97c004</td></tr>
<tr>
<td title='com.qa.testcases.DashBoardPageTest.setUp()'><b>setUp</b><br>Test class: com.qa.testcases.DashBoardPageTest</td>
<td></td>
<td>0</td>
<td>com.qa.testcases.DashBoardPageTest@32e6e9c3</td></tr>
<tr>
<td title='com.qa.testcases.LoginPageTest.setUp()'><b>setUp</b><br>Test class: com.qa.testcases.LoginPageTest</td>
<td></td>
<td>0</td>
<td>com.qa.testcases.LoginPageTest@b97c004</td></tr>
<tr>
<td title='com.qa.testcases.DashBoardPageTest.setUp()'><b>setUp</b><br>Test class: com.qa.testcases.DashBoardPageTest</td>
<td></td>
<td>0</td>
<td>com.qa.testcases.DashBoardPageTest@32e6e9c3</td></tr>
<tr>
<td title='com.qa.testcases.LoginPageTest.setUp()'><b>setUp</b><br>Test class: com.qa.testcases.LoginPageTest</td>
<td></td>
<td>0</td>
<td>com.qa.testcases.LoginPageTest@b97c004</td></tr>
<tr>
<td title='com.qa.testcases.DashBoardPageTest.setUp()'><b>setUp</b><br>Test class: com.qa.testcases.DashBoardPageTest</td>
<td></td>
<td>0</td>
<td>com.qa.testcases.DashBoardPageTest@32e6e9c3</td></tr>
<tr>
<td title='com.qa.testcases.LoginPageTest.setUp()'><b>setUp</b><br>Test class: com.qa.testcases.LoginPageTest</td>
<td></td>
<td>0</td>
<td>com.qa.testcases.LoginPageTest@b97c004</td></tr>
<tr>
<td title='com.qa.testcases.DashBoardPageTest.setUp()'><b>setUp</b><br>Test class: com.qa.testcases.DashBoardPageTest</td>
<td></td>
<td>0</td>
<td>com.qa.testcases.DashBoardPageTest@32e6e9c3</td></tr>
<tr>
<td title='com.qa.testcases.LoginPageTest.setUp()'><b>setUp</b><br>Test class: com.qa.testcases.LoginPageTest</td>
<td></td>
<td>0</td>
<td>com.qa.testcases.LoginPageTest@b97c004</td></tr>
<tr>
<td title='com.qa.testcases.DashBoardPageTest.setUp()'><b>setUp</b><br>Test class: com.qa.testcases.DashBoardPageTest</td>
<td></td>
<td>0</td>
<td>com.qa.testcases.DashBoardPageTest@32e6e9c3</td></tr>
<tr>
<td title='com.qa.testcases.LoginPageTest.setUp()'><b>setUp</b><br>Test class: com.qa.testcases.LoginPageTest</td>
<td></td>
<td>0</td>
<td>com.qa.testcases.LoginPageTest@b97c004</td></tr>
<tr>
<td title='com.qa.testcases.DashBoardPageTest.setUp()'><b>setUp</b><br>Test class: com.qa.testcases.DashBoardPageTest</td>
<td></td>
<td>0</td>
<td>com.qa.testcases.DashBoardPageTest@32e6e9c3</td></tr>
<tr>
<td title='com.qa.testcases.LoginPageTest.setUp()'><b>setUp</b><br>Test class: com.qa.testcases.LoginPageTest</td>
<td></td>
<td>0</td>
<td>com.qa.testcases.LoginPageTest@b97c004</td></tr>
<tr>
<td title='com.qa.testcases.DashBoardPageTest.setUp()'><b>setUp</b><br>Test class: com.qa.testcases.DashBoardPageTest</td>
<td></td>
<td>0</td>
<td>com.qa.testcases.DashBoardPageTest@32e6e9c3</td></tr>
<tr>
<td title='com.qa.testcases.LoginPageTest.setUp()'><b>setUp</b><br>Test class: com.qa.testcases.LoginPageTest</td>
<td></td>
<td>0</td>
<td>com.qa.testcases.LoginPageTest@b97c004</td></tr>
<tr>
<td title='com.qa.testcases.DashBoardPageTest.setUp()'><b>setUp</b><br>Test class: com.qa.testcases.DashBoardPageTest</td>
<td></td>
<td>0</td>
<td>com.qa.testcases.DashBoardPageTest@32e6e9c3</td></tr>
<tr>
<td title='com.qa.testcases.LoginPageTest.setUp()'><b>setUp</b><br>Test class: com.qa.testcases.LoginPageTest</td>
<td></td>
<td>0</td>
<td>com.qa.testcases.LoginPageTest@b97c004</td></tr>
<tr>
<td title='com.qa.testcases.DashBoardPageTest.setUp()'><b>setUp</b><br>Test class: com.qa.testcases.DashBoardPageTest</td>
<td></td>
<td>0</td>
<td>com.qa.testcases.DashBoardPageTest@32e6e9c3</td></tr>
<tr>
<td title='com.qa.testcases.LoginPageTest.setUp()'><b>setUp</b><br>Test class: com.qa.testcases.LoginPageTest</td>
<td></td>
<td>0</td>
<td>com.qa.testcases.LoginPageTest@b97c004</td></tr>
<tr>
<td title='com.qa.testcases.DashBoardPageTest.setUp()'><b>setUp</b><br>Test class: com.qa.testcases.DashBoardPageTest</td>
<td></td>
<td>0</td>
<td>com.qa.testcases.DashBoardPageTest@32e6e9c3</td></tr>
<tr>
<td title='com.qa.testcases.LoginPageTest.setUp()'><b>setUp</b><br>Test class: com.qa.testcases.LoginPageTest</td>
<td></td>
<td>0</td>
<td>com.qa.testcases.LoginPageTest@b97c004</td></tr>
<tr>
<td title='com.qa.testcases.DashBoardPageTest.setUp()'><b>setUp</b><br>Test class: com.qa.testcases.DashBoardPageTest</td>
<td></td>
<td>0</td>
<td>com.qa.testcases.DashBoardPageTest@32e6e9c3</td></tr>
<tr>
<td title='com.qa.testcases.LoginPageTest.setUp()'><b>setUp</b><br>Test class: com.qa.testcases.LoginPageTest</td>
<td></td>
<td>0</td>
<td>com.qa.testcases.LoginPageTest@b97c004</td></tr>
<tr>
<td title='com.qa.testcases.DashBoardPageTest.setUp()'><b>setUp</b><br>Test class: com.qa.testcases.DashBoardPageTest</td>
<td></td>
<td>0</td>
<td>com.qa.testcases.DashBoardPageTest@32e6e9c3</td></tr>
<tr>
<td title='com.qa.testcases.LoginPageTest.setUp()'><b>setUp</b><br>Test class: com.qa.testcases.LoginPageTest</td>
<td></td>
<td>0</td>
<td>com.qa.testcases.LoginPageTest@b97c004</td></tr>
<tr>
<td title='com.qa.testcases.DashBoardPageTest.setUp()'><b>setUp</b><br>Test class: com.qa.testcases.DashBoardPageTest</td>
<td></td>
<td>0</td>
<td>com.qa.testcases.DashBoardPageTest@32e6e9c3</td></tr>
<tr>
<td title='com.qa.testcases.LoginPageTest.setUp()'><b>setUp</b><br>Test class: com.qa.testcases.LoginPageTest</td>
<td></td>
<td>0</td>
<td>com.qa.testcases.LoginPageTest@b97c004</td></tr>
<tr>
<td title='com.qa.testcases.DashBoardPageTest.setUp()'><b>setUp</b><br>Test class: com.qa.testcases.DashBoardPageTest</td>
<td></td>
<td>0</td>
<td>com.qa.testcases.DashBoardPageTest@32e6e9c3</td></tr>
<tr>
<td title='com.qa.testcases.LoginPageTest.setUp()'><b>setUp</b><br>Test class: com.qa.testcases.LoginPageTest</td>
<td></td>
<td>0</td>
<td>com.qa.testcases.LoginPageTest@b97c004</td></tr>
<tr>
<td title='com.qa.testcases.DashBoardPageTest.setUp()'><b>setUp</b><br>Test class: com.qa.testcases.DashBoardPageTest</td>
<td></td>
<td>0</td>
<td>com.qa.testcases.DashBoardPageTest@32e6e9c3</td></tr>
<tr>
<td title='com.qa.testcases.LoginPageTest.setUp()'><b>setUp</b><br>Test class: com.qa.testcases.LoginPageTest</td>
<td></td>
<td>0</td>
<td>com.qa.testcases.LoginPageTest@b97c004</td></tr>
<tr>
<td title='com.qa.testcases.DashBoardPageTest.setUp()'><b>setUp</b><br>Test class: com.qa.testcases.DashBoardPageTest</td>
<td></td>
<td>0</td>
<td>com.qa.testcases.DashBoardPageTest@32e6e9c3</td></tr>
<tr>
<td title='com.qa.testcases.LoginPageTest.setUp()'><b>setUp</b><br>Test class: com.qa.testcases.LoginPageTest</td>
<td></td>
<td>0</td>
<td>com.qa.testcases.LoginPageTest@b97c004</td></tr>
<tr>
<td title='com.qa.testcases.DashBoardPageTest.setUp()'><b>setUp</b><br>Test class: com.qa.testcases.DashBoardPageTest</td>
<td></td>
<td>0</td>
<td>com.qa.testcases.DashBoardPageTest@32e6e9c3</td></tr>
<tr>
<td title='com.qa.testcases.LoginPageTest.setUp()'><b>setUp</b><br>Test class: com.qa.testcases.LoginPageTest</td>
<td></td>
<td>0</td>
<td>com.qa.testcases.LoginPageTest@b97c004</td></tr>
<tr>
<td title='com.qa.testcases.DashBoardPageTest.setUp()'><b>setUp</b><br>Test class: com.qa.testcases.DashBoardPageTest</td>
<td></td>
<td>0</td>
<td>com.qa.testcases.DashBoardPageTest@32e6e9c3</td></tr>
<tr>
<td title='com.qa.testcases.LoginPageTest.setUp()'><b>setUp</b><br>Test class: com.qa.testcases.LoginPageTest</td>
<td></td>
<td>0</td>
<td>com.qa.testcases.LoginPageTest@b97c004</td></tr>
<tr>
<td title='com.qa.testcases.DashBoardPageTest.setUp()'><b>setUp</b><br>Test class: com.qa.testcases.DashBoardPageTest</td>
<td></td>
<td>0</td>
<td>com.qa.testcases.DashBoardPageTest@32e6e9c3</td></tr>
<tr>
<td title='com.qa.testcases.LoginPageTest.setUp()'><b>setUp</b><br>Test class: com.qa.testcases.LoginPageTest</td>
<td></td>
<td>0</td>
<td>com.qa.testcases.LoginPageTest@b97c004</td></tr>
<tr>
<td title='com.qa.testcases.DashBoardPageTest.setUp()'><b>setUp</b><br>Test class: com.qa.testcases.DashBoardPageTest</td>
<td></td>
<td>0</td>
<td>com.qa.testcases.DashBoardPageTest@32e6e9c3</td></tr>
<tr>
<td title='com.qa.testcases.DashBoardPageTest.setUp()'><b>setUp</b><br>Test class: com.qa.testcases.DashBoardPageTest</td>
<td></td>
<td>0</td>
<td>com.qa.testcases.DashBoardPageTest@32e6e9c3</td></tr>
<tr>
<td title='com.qa.testcases.DashBoardPageTest.setUp()'><b>setUp</b><br>Test class: com.qa.testcases.DashBoardPageTest</td>
<td></td>
<td>0</td>
<td>com.qa.testcases.DashBoardPageTest@32e6e9c3</td></tr>
<tr>
<td title='com.qa.testcases.DashBoardPageTest.setUp()'><b>setUp</b><br>Test class: com.qa.testcases.DashBoardPageTest</td>
<td></td>
<td>0</td>
<td>com.qa.testcases.DashBoardPageTest@32e6e9c3</td></tr>
<tr>
<td title='com.qa.testcases.DashBoardPageTest.setUp()'><b>setUp</b><br>Test class: com.qa.testcases.DashBoardPageTest</td>
<td></td>
<td>0</td>
<td>com.qa.testcases.DashBoardPageTest@32e6e9c3</td></tr>
<tr>
<td title='com.qa.testcases.DashBoardPageTest.setUp()'><b>setUp</b><br>Test class: com.qa.testcases.DashBoardPageTest</td>
<td></td>
<td>0</td>
<td>com.qa.testcases.DashBoardPageTest@32e6e9c3</td></tr>
<tr>
<td title='com.qa.testcases.DashBoardPageTest.setUp()'><b>setUp</b><br>Test class: com.qa.testcases.DashBoardPageTest</td>
<td></td>
<td>0</td>
<td>com.qa.testcases.DashBoardPageTest@32e6e9c3</td></tr>
<tr>
<td title='com.qa.testcases.DashBoardPageTest.setUp()'><b>setUp</b><br>Test class: com.qa.testcases.DashBoardPageTest</td>
<td></td>
<td>0</td>
<td>com.qa.testcases.DashBoardPageTest@32e6e9c3</td></tr>
<tr>
<td title='com.qa.testcases.DashBoardPageTest.tearDown()'><b>tearDown</b><br>Test class: com.qa.testcases.DashBoardPageTest</td>
<td></td>
<td>0</td>
<td>com.qa.testcases.DashBoardPageTest@32e6e9c3</td></tr>
<tr>
<td title='com.qa.testcases.LoginPageTest.tearDown()'><b>tearDown</b><br>Test class: com.qa.testcases.LoginPageTest</td>
<td></td>
<td>0</td>
<td>com.qa.testcases.LoginPageTest@b97c004</td></tr>
<tr>
<td title='com.qa.testcases.MerchandsPageTest.tearDown()'><b>tearDown</b><br>Test class: com.qa.testcases.MerchandsPageTest</td>
<td></td>
<td>0</td>
<td>com.qa.testcases.MerchandsPageTest@4590c9c3</td></tr>
<tr>
<td title='com.qa.testcases.OrderPageTest.tearDown()'><b>tearDown</b><br>Test class: com.qa.testcases.OrderPageTest</td>
<td></td>
<td>0</td>
<td>com.qa.testcases.OrderPageTest@97e1986</td></tr>
<tr>
<td title='com.qa.testcases.DashBoardPageTest.tearDown()'><b>tearDown</b><br>Test class: com.qa.testcases.DashBoardPageTest</td>
<td></td>
<td>0</td>
<td>com.qa.testcases.DashBoardPageTest@32e6e9c3</td></tr>
<tr>
<td title='com.qa.testcases.LoginPageTest.tearDown()'><b>tearDown</b><br>Test class: com.qa.testcases.LoginPageTest</td>
<td></td>
<td>0</td>
<td>com.qa.testcases.LoginPageTest@b97c004</td></tr>
<tr>
<td title='com.qa.testcases.MerchandsPageTest.tearDown()'><b>tearDown</b><br>Test class: com.qa.testcases.MerchandsPageTest</td>
<td></td>
<td>0</td>
<td>com.qa.testcases.MerchandsPageTest@4590c9c3</td></tr>
<tr>
<td title='com.qa.testcases.OrderPageTest.tearDown()'><b>tearDown</b><br>Test class: com.qa.testcases.OrderPageTest</td>
<td></td>
<td>0</td>
<td>com.qa.testcases.OrderPageTest@97e1986</td></tr>
<tr>
<td title='com.qa.testcases.DashBoardPageTest.tearDown()'><b>tearDown</b><br>Test class: com.qa.testcases.DashBoardPageTest</td>
<td></td>
<td>0</td>
<td>com.qa.testcases.DashBoardPageTest@32e6e9c3</td></tr>
<tr>
<td title='com.qa.testcases.LoginPageTest.tearDown()'><b>tearDown</b><br>Test class: com.qa.testcases.LoginPageTest</td>
<td></td>
<td>0</td>
<td>com.qa.testcases.LoginPageTest@b97c004</td></tr>
<tr>
<td title='com.qa.testcases.MerchandsPageTest.tearDown()'><b>tearDown</b><br>Test class: com.qa.testcases.MerchandsPageTest</td>
<td></td>
<td>0</td>
<td>com.qa.testcases.MerchandsPageTest@4590c9c3</td></tr>
<tr>
<td title='com.qa.testcases.OrderPageTest.tearDown()'><b>tearDown</b><br>Test class: com.qa.testcases.OrderPageTest</td>
<td></td>
<td>0</td>
<td>com.qa.testcases.OrderPageTest@97e1986</td></tr>
<tr>
<td title='com.qa.testcases.DashBoardPageTest.tearDown()'><b>tearDown</b><br>Test class: com.qa.testcases.DashBoardPageTest</td>
<td></td>
<td>0</td>
<td>com.qa.testcases.DashBoardPageTest@32e6e9c3</td></tr>
<tr>
<td title='com.qa.testcases.LoginPageTest.tearDown()'><b>tearDown</b><br>Test class: com.qa.testcases.LoginPageTest</td>
<td></td>
<td>0</td>
<td>com.qa.testcases.LoginPageTest@b97c004</td></tr>
<tr>
<td title='com.qa.testcases.MerchandsPageTest.tearDown()'><b>tearDown</b><br>Test class: com.qa.testcases.MerchandsPageTest</td>
<td></td>
<td>0</td>
<td>com.qa.testcases.MerchandsPageTest@4590c9c3</td></tr>
<tr>
<td title='com.qa.testcases.OrderPageTest.tearDown()'><b>tearDown</b><br>Test class: com.qa.testcases.OrderPageTest</td>
<td></td>
<td>0</td>
<td>com.qa.testcases.OrderPageTest@97e1986</td></tr>
<tr>
<td title='com.qa.testcases.DashBoardPageTest.tearDown()'><b>tearDown</b><br>Test class: com.qa.testcases.DashBoardPageTest</td>
<td></td>
<td>0</td>
<td>com.qa.testcases.DashBoardPageTest@32e6e9c3</td></tr>
<tr>
<td title='com.qa.testcases.LoginPageTest.tearDown()'><b>tearDown</b><br>Test class: com.qa.testcases.LoginPageTest</td>
<td></td>
<td>0</td>
<td>com.qa.testcases.LoginPageTest@b97c004</td></tr>
<tr>
<td title='com.qa.testcases.MerchandsPageTest.tearDown()'><b>tearDown</b><br>Test class: com.qa.testcases.MerchandsPageTest</td>
<td></td>
<td>0</td>
<td>com.qa.testcases.MerchandsPageTest@4590c9c3</td></tr>
<tr>
<td title='com.qa.testcases.OrderPageTest.tearDown()'><b>tearDown</b><br>Test class: com.qa.testcases.OrderPageTest</td>
<td></td>
<td>0</td>
<td>com.qa.testcases.OrderPageTest@97e1986</td></tr>
<tr>
<td title='com.qa.testcases.DashBoardPageTest.tearDown()'><b>tearDown</b><br>Test class: com.qa.testcases.DashBoardPageTest</td>
<td></td>
<td>0</td>
<td>com.qa.testcases.DashBoardPageTest@32e6e9c3</td></tr>
<tr>
<td title='com.qa.testcases.LoginPageTest.tearDown()'><b>tearDown</b><br>Test class: com.qa.testcases.LoginPageTest</td>
<td></td>
<td>0</td>
<td>com.qa.testcases.LoginPageTest@b97c004</td></tr>
<tr>
<td title='com.qa.testcases.MerchandsPageTest.tearDown()'><b>tearDown</b><br>Test class: com.qa.testcases.MerchandsPageTest</td>
<td></td>
<td>0</td>
<td>com.qa.testcases.MerchandsPageTest@4590c9c3</td></tr>
<tr>
<td title='com.qa.testcases.OrderPageTest.tearDown()'><b>tearDown</b><br>Test class: com.qa.testcases.OrderPageTest</td>
<td></td>
<td>0</td>
<td>com.qa.testcases.OrderPageTest@97e1986</td></tr>
<tr>
<td title='com.qa.testcases.DashBoardPageTest.tearDown()'><b>tearDown</b><br>Test class: com.qa.testcases.DashBoardPageTest</td>
<td></td>
<td>0</td>
<td>com.qa.testcases.DashBoardPageTest@32e6e9c3</td></tr>
<tr>
<td title='com.qa.testcases.LoginPageTest.tearDown()'><b>tearDown</b><br>Test class: com.qa.testcases.LoginPageTest</td>
<td></td>
<td>0</td>
<td>com.qa.testcases.LoginPageTest@b97c004</td></tr>
<tr>
<td title='com.qa.testcases.MerchandsPageTest.tearDown()'><b>tearDown</b><br>Test class: com.qa.testcases.MerchandsPageTest</td>
<td></td>
<td>0</td>
<td>com.qa.testcases.MerchandsPageTest@4590c9c3</td></tr>
<tr>
<td title='com.qa.testcases.OrderPageTest.tearDown()'><b>tearDown</b><br>Test class: com.qa.testcases.OrderPageTest</td>
<td></td>
<td>0</td>
<td>com.qa.testcases.OrderPageTest@97e1986</td></tr>
<tr>
<td title='com.qa.testcases.DashBoardPageTest.tearDown()'><b>tearDown</b><br>Test class: com.qa.testcases.DashBoardPageTest</td>
<td></td>
<td>0</td>
<td>com.qa.testcases.DashBoardPageTest@32e6e9c3</td></tr>
<tr>
<td title='com.qa.testcases.LoginPageTest.tearDown()'><b>tearDown</b><br>Test class: com.qa.testcases.LoginPageTest</td>
<td></td>
<td>0</td>
<td>com.qa.testcases.LoginPageTest@b97c004</td></tr>
<tr>
<td title='com.qa.testcases.OrderPageTest.tearDown()'><b>tearDown</b><br>Test class: com.qa.testcases.OrderPageTest</td>
<td></td>
<td>0</td>
<td>com.qa.testcases.OrderPageTest@97e1986</td></tr>
<tr>
<td title='com.qa.testcases.DashBoardPageTest.tearDown()'><b>tearDown</b><br>Test class: com.qa.testcases.DashBoardPageTest</td>
<td></td>
<td>0</td>
<td>com.qa.testcases.DashBoardPageTest@32e6e9c3</td></tr>
<tr>
<td title='com.qa.testcases.LoginPageTest.tearDown()'><b>tearDown</b><br>Test class: com.qa.testcases.LoginPageTest</td>
<td></td>
<td>0</td>
<td>com.qa.testcases.LoginPageTest@b97c004</td></tr>
<tr>
<td title='com.qa.testcases.DashBoardPageTest.tearDown()'><b>tearDown</b><br>Test class: com.qa.testcases.DashBoardPageTest</td>
<td></td>
<td>0</td>
<td>com.qa.testcases.DashBoardPageTest@32e6e9c3</td></tr>
<tr>
<td title='com.qa.testcases.LoginPageTest.tearDown()'><b>tearDown</b><br>Test class: com.qa.testcases.LoginPageTest</td>
<td></td>
<td>0</td>
<td>com.qa.testcases.LoginPageTest@b97c004</td></tr>
<tr>
<td title='com.qa.testcases.DashBoardPageTest.tearDown()'><b>tearDown</b><br>Test class: com.qa.testcases.DashBoardPageTest</td>
<td></td>
<td>0</td>
<td>com.qa.testcases.DashBoardPageTest@32e6e9c3</td></tr>
<tr>
<td title='com.qa.testcases.LoginPageTest.tearDown()'><b>tearDown</b><br>Test class: com.qa.testcases.LoginPageTest</td>
<td></td>
<td>0</td>
<td>com.qa.testcases.LoginPageTest@b97c004</td></tr>
<tr>
<td title='com.qa.testcases.DashBoardPageTest.tearDown()'><b>tearDown</b><br>Test class: com.qa.testcases.DashBoardPageTest</td>
<td></td>
<td>0</td>
<td>com.qa.testcases.DashBoardPageTest@32e6e9c3</td></tr>
<tr>
<td title='com.qa.testcases.LoginPageTest.tearDown()'><b>tearDown</b><br>Test class: com.qa.testcases.LoginPageTest</td>
<td></td>
<td>0</td>
<td>com.qa.testcases.LoginPageTest@b97c004</td></tr>
<tr>
<td title='com.qa.testcases.DashBoardPageTest.tearDown()'><b>tearDown</b><br>Test class: com.qa.testcases.DashBoardPageTest</td>
<td></td>
<td>0</td>
<td>com.qa.testcases.DashBoardPageTest@32e6e9c3</td></tr>
<tr>
<td title='com.qa.testcases.LoginPageTest.tearDown()'><b>tearDown</b><br>Test class: com.qa.testcases.LoginPageTest</td>
<td></td>
<td>0</td>
<td>com.qa.testcases.LoginPageTest@b97c004</td></tr>
<tr>
<td title='com.qa.testcases.DashBoardPageTest.tearDown()'><b>tearDown</b><br>Test class: com.qa.testcases.DashBoardPageTest</td>
<td></td>
<td>0</td>
<td>com.qa.testcases.DashBoardPageTest@32e6e9c3</td></tr>
<tr>
<td title='com.qa.testcases.LoginPageTest.tearDown()'><b>tearDown</b><br>Test class: com.qa.testcases.LoginPageTest</td>
<td></td>
<td>0</td>
<td>com.qa.testcases.LoginPageTest@b97c004</td></tr>
<tr>
<td title='com.qa.testcases.DashBoardPageTest.tearDown()'><b>tearDown</b><br>Test class: com.qa.testcases.DashBoardPageTest</td>
<td></td>
<td>0</td>
<td>com.qa.testcases.DashBoardPageTest@32e6e9c3</td></tr>
<tr>
<td title='com.qa.testcases.LoginPageTest.tearDown()'><b>tearDown</b><br>Test class: com.qa.testcases.LoginPageTest</td>
<td></td>
<td>0</td>
<td>com.qa.testcases.LoginPageTest@b97c004</td></tr>
<tr>
<td title='com.qa.testcases.DashBoardPageTest.tearDown()'><b>tearDown</b><br>Test class: com.qa.testcases.DashBoardPageTest</td>
<td></td>
<td>0</td>
<td>com.qa.testcases.DashBoardPageTest@32e6e9c3</td></tr>
<tr>
<td title='com.qa.testcases.LoginPageTest.tearDown()'><b>tearDown</b><br>Test class: com.qa.testcases.LoginPageTest</td>
<td></td>
<td>0</td>
<td>com.qa.testcases.LoginPageTest@b97c004</td></tr>
<tr>
<td title='com.qa.testcases.DashBoardPageTest.tearDown()'><b>tearDown</b><br>Test class: com.qa.testcases.DashBoardPageTest</td>
<td></td>
<td>0</td>
<td>com.qa.testcases.DashBoardPageTest@32e6e9c3</td></tr>
<tr>
<td title='com.qa.testcases.LoginPageTest.tearDown()'><b>tearDown</b><br>Test class: com.qa.testcases.LoginPageTest</td>
<td></td>
<td>0</td>
<td>com.qa.testcases.LoginPageTest@b97c004</td></tr>
<tr>
<td title='com.qa.testcases.DashBoardPageTest.tearDown()'><b>tearDown</b><br>Test class: com.qa.testcases.DashBoardPageTest</td>
<td></td>
<td>0</td>
<td>com.qa.testcases.DashBoardPageTest@32e6e9c3</td></tr>
<tr>
<td title='com.qa.testcases.LoginPageTest.tearDown()'><b>tearDown</b><br>Test class: com.qa.testcases.LoginPageTest</td>
<td></td>
<td>0</td>
<td>com.qa.testcases.LoginPageTest@b97c004</td></tr>
<tr>
<td title='com.qa.testcases.DashBoardPageTest.tearDown()'><b>tearDown</b><br>Test class: com.qa.testcases.DashBoardPageTest</td>
<td></td>
<td>0</td>
<td>com.qa.testcases.DashBoardPageTest@32e6e9c3</td></tr>
<tr>
<td title='com.qa.testcases.LoginPageTest.tearDown()'><b>tearDown</b><br>Test class: com.qa.testcases.LoginPageTest</td>
<td></td>
<td>0</td>
<td>com.qa.testcases.LoginPageTest@b97c004</td></tr>
<tr>
<td title='com.qa.testcases.DashBoardPageTest.tearDown()'><b>tearDown</b><br>Test class: com.qa.testcases.DashBoardPageTest</td>
<td></td>
<td>0</td>
<td>com.qa.testcases.DashBoardPageTest@32e6e9c3</td></tr>
<tr>
<td title='com.qa.testcases.LoginPageTest.tearDown()'><b>tearDown</b><br>Test class: com.qa.testcases.LoginPageTest</td>
<td></td>
<td>0</td>
<td>com.qa.testcases.LoginPageTest@b97c004</td></tr>
<tr>
<td title='com.qa.testcases.DashBoardPageTest.tearDown()'><b>tearDown</b><br>Test class: com.qa.testcases.DashBoardPageTest</td>
<td></td>
<td>0</td>
<td>com.qa.testcases.DashBoardPageTest@32e6e9c3</td></tr>
<tr>
<td title='com.qa.testcases.LoginPageTest.tearDown()'><b>tearDown</b><br>Test class: com.qa.testcases.LoginPageTest</td>
<td></td>
<td>0</td>
<td>com.qa.testcases.LoginPageTest@b97c004</td></tr>
<tr>
<td title='com.qa.testcases.DashBoardPageTest.tearDown()'><b>tearDown</b><br>Test class: com.qa.testcases.DashBoardPageTest</td>
<td></td>
<td>0</td>
<td>com.qa.testcases.DashBoardPageTest@32e6e9c3</td></tr>
<tr>
<td title='com.qa.testcases.LoginPageTest.tearDown()'><b>tearDown</b><br>Test class: com.qa.testcases.LoginPageTest</td>
<td></td>
<td>0</td>
<td>com.qa.testcases.LoginPageTest@b97c004</td></tr>
<tr>
<td title='com.qa.testcases.DashBoardPageTest.tearDown()'><b>tearDown</b><br>Test class: com.qa.testcases.DashBoardPageTest</td>
<td></td>
<td>0</td>
<td>com.qa.testcases.DashBoardPageTest@32e6e9c3</td></tr>
<tr>
<td title='com.qa.testcases.LoginPageTest.tearDown()'><b>tearDown</b><br>Test class: com.qa.testcases.LoginPageTest</td>
<td></td>
<td>0</td>
<td>com.qa.testcases.LoginPageTest@b97c004</td></tr>
<tr>
<td title='com.qa.testcases.DashBoardPageTest.tearDown()'><b>tearDown</b><br>Test class: com.qa.testcases.DashBoardPageTest</td>
<td></td>
<td>0</td>
<td>com.qa.testcases.DashBoardPageTest@32e6e9c3</td></tr>
<tr>
<td title='com.qa.testcases.LoginPageTest.tearDown()'><b>tearDown</b><br>Test class: com.qa.testcases.LoginPageTest</td>
<td></td>
<td>0</td>
<td>com.qa.testcases.LoginPageTest@b97c004</td></tr>
<tr>
<td title='com.qa.testcases.DashBoardPageTest.tearDown()'><b>tearDown</b><br>Test class: com.qa.testcases.DashBoardPageTest</td>
<td></td>
<td>0</td>
<td>com.qa.testcases.DashBoardPageTest@32e6e9c3</td></tr>
<tr>
<td title='com.qa.testcases.LoginPageTest.tearDown()'><b>tearDown</b><br>Test class: com.qa.testcases.LoginPageTest</td>
<td></td>
<td>0</td>
<td>com.qa.testcases.LoginPageTest@b97c004</td></tr>
<tr>
<td title='com.qa.testcases.DashBoardPageTest.tearDown()'><b>tearDown</b><br>Test class: com.qa.testcases.DashBoardPageTest</td>
<td></td>
<td>0</td>
<td>com.qa.testcases.DashBoardPageTest@32e6e9c3</td></tr>
<tr>
<td title='com.qa.testcases.LoginPageTest.tearDown()'><b>tearDown</b><br>Test class: com.qa.testcases.LoginPageTest</td>
<td></td>
<td>0</td>
<td>com.qa.testcases.LoginPageTest@b97c004</td></tr>
<tr>
<td title='com.qa.testcases.DashBoardPageTest.tearDown()'><b>tearDown</b><br>Test class: com.qa.testcases.DashBoardPageTest</td>
<td></td>
<td>0</td>
<td>com.qa.testcases.DashBoardPageTest@32e6e9c3</td></tr>
<tr>
<td title='com.qa.testcases.LoginPageTest.tearDown()'><b>tearDown</b><br>Test class: com.qa.testcases.LoginPageTest</td>
<td></td>
<td>0</td>
<td>com.qa.testcases.LoginPageTest@b97c004</td></tr>
<tr>
<td title='com.qa.testcases.DashBoardPageTest.tearDown()'><b>tearDown</b><br>Test class: com.qa.testcases.DashBoardPageTest</td>
<td></td>
<td>0</td>
<td>com.qa.testcases.DashBoardPageTest@32e6e9c3</td></tr>
<tr>
<td title='com.qa.testcases.LoginPageTest.tearDown()'><b>tearDown</b><br>Test class: com.qa.testcases.LoginPageTest</td>
<td></td>
<td>0</td>
<td>com.qa.testcases.LoginPageTest@b97c004</td></tr>
<tr>
<td title='com.qa.testcases.DashBoardPageTest.tearDown()'><b>tearDown</b><br>Test class: com.qa.testcases.DashBoardPageTest</td>
<td></td>
<td>0</td>
<td>com.qa.testcases.DashBoardPageTest@32e6e9c3</td></tr>
<tr>
<td title='com.qa.testcases.LoginPageTest.tearDown()'><b>tearDown</b><br>Test class: com.qa.testcases.LoginPageTest</td>
<td></td>
<td>0</td>
<td>com.qa.testcases.LoginPageTest@b97c004</td></tr>
<tr>
<td title='com.qa.testcases.DashBoardPageTest.tearDown()'><b>tearDown</b><br>Test class: com.qa.testcases.DashBoardPageTest</td>
<td></td>
<td>0</td>
<td>com.qa.testcases.DashBoardPageTest@32e6e9c3</td></tr>
<tr>
<td title='com.qa.testcases.LoginPageTest.tearDown()'><b>tearDown</b><br>Test class: com.qa.testcases.LoginPageTest</td>
<td></td>
<td>0</td>
<td>com.qa.testcases.LoginPageTest@b97c004</td></tr>
<tr>
<td title='com.qa.testcases.DashBoardPageTest.tearDown()'><b>tearDown</b><br>Test class: com.qa.testcases.DashBoardPageTest</td>
<td></td>
<td>0</td>
<td>com.qa.testcases.DashBoardPageTest@32e6e9c3</td></tr>
<tr>
<td title='com.qa.testcases.DashBoardPageTest.tearDown()'><b>tearDown</b><br>Test class: com.qa.testcases.DashBoardPageTest</td>
<td></td>
<td>0</td>
<td>com.qa.testcases.DashBoardPageTest@32e6e9c3</td></tr>
<tr>
<td title='com.qa.testcases.DashBoardPageTest.tearDown()'><b>tearDown</b><br>Test class: com.qa.testcases.DashBoardPageTest</td>
<td></td>
<td>0</td>
<td>com.qa.testcases.DashBoardPageTest@32e6e9c3</td></tr>
<tr>
<td title='com.qa.testcases.DashBoardPageTest.tearDown()'><b>tearDown</b><br>Test class: com.qa.testcases.DashBoardPageTest</td>
<td></td>
<td>0</td>
<td>com.qa.testcases.DashBoardPageTest@32e6e9c3</td></tr>
<tr>
<td title='com.qa.testcases.DashBoardPageTest.tearDown()'><b>tearDown</b><br>Test class: com.qa.testcases.DashBoardPageTest</td>
<td></td>
<td>0</td>
<td>com.qa.testcases.DashBoardPageTest@32e6e9c3</td></tr>
<tr>
<td title='com.qa.testcases.DashBoardPageTest.tearDown()'><b>tearDown</b><br>Test class: com.qa.testcases.DashBoardPageTest</td>
<td></td>
<td>0</td>
<td>com.qa.testcases.DashBoardPageTest@32e6e9c3</td></tr>
<tr>
<td title='com.qa.testcases.DashBoardPageTest.tearDown()'><b>tearDown</b><br>Test class: com.qa.testcases.DashBoardPageTest</td>
<td></td>
<td>0</td>
<td>com.qa.testcases.DashBoardPageTest@32e6e9c3</td></tr>
<tr>
<td title='com.qa.testcases.DashBoardPageTest.tearDown()'><b>tearDown</b><br>Test class: com.qa.testcases.DashBoardPageTest</td>
<td></td>
<td>0</td>
<td>com.qa.testcases.DashBoardPageTest@32e6e9c3</td></tr>
</table><p>
<table width='100%' border='1' class='invocation-passed'>
<tr><td colspan='4' align='center'><b>PASSED TESTS</b></td></tr>
<tr><td><b>Test method</b></td>
<td width="30%"><b>Exception</b></td>
<td width="10%"><b>Time (seconds)</b></td>
<td><b>Instance</b></td>
</tr>
<tr>
<td title='com.qa.testcases.OrderPageTest.validatClickOnAddNewUser()'><b>validatClickOnAddNewUser</b><br>Test class: com.qa.testcases.OrderPageTest</td>
<td></td>
<td>1</td>
<td>com.qa.testcases.OrderPageTest@97e1986</td></tr>
<tr>
<td title='com.qa.testcases.DashBoardPageTest.validateLogoWithVersion()'><b>validateLogoWithVersion</b><br>Test class: com.qa.testcases.DashBoardPageTest</td>
<td></td>
<td>1</td>
<td>com.qa.testcases.DashBoardPageTest@32e6e9c3</td></tr>
</table><p>
<table width='100%' border='1' class='invocation-skipped'>
<tr><td colspan='4' align='center'><b>SKIPPED TESTS</b></td></tr>
<tr><td><b>Test method</b></td>
<td width="30%"><b>Exception</b></td>
<td width="10%"><b>Time (seconds)</b></td>
<td><b>Instance</b></td>
</tr>
<tr>
<td title='com.qa.testcases.DashBoardPageTest.ValidateCatalogLink()'><b>ValidateCatalogLink</b><br>Test class: com.qa.testcases.DashBoardPageTest</td>
<td></td>
<td>0</td>
<td>com.qa.testcases.DashBoardPageTest@32e6e9c3</td></tr>
<tr>
<td title='com.qa.testcases.DashBoardPageTest.ValidateClickOnHelpMenuBtn()'><b>ValidateClickOnHelpMenuBtn</b><br>Test class: com.qa.testcases.DashBoardPageTest</td>
<td></td>
<td>0</td>
<td>com.qa.testcases.DashBoardPageTest@32e6e9c3</td></tr>
<tr>
<td title='com.qa.testcases.DashBoardPageTest.ValidateClickOnMaximizeDashboard()'><b>ValidateClickOnMaximizeDashboard</b><br>Test class: com.qa.testcases.DashBoardPageTest</td>
<td></td>
<td>0</td>
<td>com.qa.testcases.DashBoardPageTest@32e6e9c3</td></tr>
<tr>
<td title='com.qa.testcases.DashBoardPageTest.ValidateClickOnPriceRules()'><b>ValidateClickOnPriceRules</b><br>Test class: com.qa.testcases.DashBoardPageTest</td>
<td></td>
<td>0</td>
<td>com.qa.testcases.DashBoardPageTest@32e6e9c3</td></tr>
<tr>
<td title='com.qa.testcases.DashBoardPageTest.ValidateColorOfSearchBox()'><b>ValidateColorOfSearchBox</b><br>Test class: com.qa.testcases.DashBoardPageTest</td>
<td></td>
<td>0</td>
<td>com.qa.testcases.DashBoardPageTest@32e6e9c3</td></tr>
<tr>
<td title='com.qa.testcases.DashBoardPageTest.ValidateIsDemoModeBtnEnabled()'><b>ValidateIsDemoModeBtnEnabled</b><br>Test class: com.qa.testcases.DashBoardPageTest</td>
<td></td>
<td>0</td>
<td>com.qa.testcases.DashBoardPageTest@32e6e9c3</td></tr>
<tr>
<td title='com.qa.testcases.DashBoardPageTest.ValidateMerchandslink()'><b>ValidateMerchandslink</b><br>Test class: com.qa.testcases.DashBoardPageTest</td>
<td></td>
<td>0</td>
<td>com.qa.testcases.DashBoardPageTest@32e6e9c3</td></tr>
<tr>
<td title='com.qa.testcases.DashBoardPageTest.ValidateOrderslink()'><b>ValidateOrderslink</b><br>Test class: com.qa.testcases.DashBoardPageTest</td>
<td></td>
<td>0</td>
<td>com.qa.testcases.DashBoardPageTest@32e6e9c3</td></tr>
<tr>
<td title='com.qa.testcases.DashBoardPageTest.ValidateSearchBoxBtn()'><b>ValidateSearchBoxBtn</b><br>Test class: com.qa.testcases.DashBoardPageTest</td>
<td></td>
<td>0</td>
<td>com.qa.testcases.DashBoardPageTest@32e6e9c3</td></tr>
<tr>
<td title='com.qa.testcases.DashBoardPageTest.ValidateclickOnAdministration()'><b>ValidateclickOnAdministration</b><br>Test class: com.qa.testcases.DashBoardPageTest</td>
<td></td>
<td>0</td>
<td>com.qa.testcases.DashBoardPageTest@32e6e9c3</td></tr>
<tr>
<td title='com.qa.testcases.DashBoardPageTest.ValidateclickOnAdvancedParameters()'><b>ValidateclickOnAdvancedParameters</b><br>Test class: com.qa.testcases.DashBoardPageTest</td>
<td></td>
<td>0</td>
<td>com.qa.testcases.DashBoardPageTest@32e6e9c3</td></tr>
<tr>
<td title='com.qa.testcases.DashBoardPageTest.ValidateclickOnContactBtn()'><b>ValidateclickOnContactBtn</b><br>Test class: com.qa.testcases.DashBoardPageTest</td>
<td></td>
<td>0</td>
<td>com.qa.testcases.DashBoardPageTest@32e6e9c3</td></tr>
<tr>
<td title='com.qa.testcases.DashBoardPageTest.ValidateclickOnLocalization()'><b>ValidateclickOnLocalization</b><br>Test class: com.qa.testcases.DashBoardPageTest</td>
<td></td>
<td>0</td>
<td>com.qa.testcases.DashBoardPageTest@32e6e9c3</td></tr>
<tr>
<td title='com.qa.testcases.DashBoardPageTest.ValidateclickOnModulesAndServices()'><b>ValidateclickOnModulesAndServices</b><br>Test class: com.qa.testcases.DashBoardPageTest</td>
<td></td>
<td>0</td>
<td>com.qa.testcases.DashBoardPageTest@32e6e9c3</td></tr>
<tr>
<td title='com.qa.testcases.DashBoardPageTest.ValidateclickOnPreferences()'><b>ValidateclickOnPreferences</b><br>Test class: com.qa.testcases.DashBoardPageTest</td>
<td></td>
<td>0</td>
<td>com.qa.testcases.DashBoardPageTest@32e6e9c3</td></tr>
<tr>
<td title='com.qa.testcases.DashBoardPageTest.ValidateclickOnShipping()'><b>ValidateclickOnShipping</b><br>Test class: com.qa.testcases.DashBoardPageTest</td>
<td></td>
<td>0</td>
<td>com.qa.testcases.DashBoardPageTest@32e6e9c3</td></tr>
<tr>
<td title='com.qa.testcases.DashBoardPageTest.ValidateclickOnSignOutBtn()'><b>ValidateclickOnSignOutBtn</b><br>Test class: com.qa.testcases.DashBoardPageTest</td>
<td></td>
<td>0</td>
<td>com.qa.testcases.DashBoardPageTest@32e6e9c3</td></tr>
<tr>
<td title='com.qa.testcases.DashBoardPageTest.ValidateclickOnStates()'><b>ValidateclickOnStates</b><br>Test class: com.qa.testcases.DashBoardPageTest</td>
<td></td>
<td>0</td>
<td>com.qa.testcases.DashBoardPageTest@32e6e9c3</td></tr>
<tr>
<td title='com.qa.testcases.DashBoardPageTest.ValidateclickOnSystemAdministrator()'><b>ValidateclickOnSystemAdministrator</b><br>Test class: com.qa.testcases.DashBoardPageTest</td>
<td></td>
<td>0</td>
<td>com.qa.testcases.DashBoardPageTest@32e6e9c3</td></tr>
<tr>
<td title='com.qa.testcases.DashBoardPageTest.ValidatecountAllLinksOfCurrentPage()'><b>ValidatecountAllLinksOfCurrentPage</b><br>Test class: com.qa.testcases.DashBoardPageTest</td>
<td></td>
<td>0</td>
<td>com.qa.testcases.DashBoardPageTest@32e6e9c3</td></tr>
<tr>
<td title='com.qa.testcases.DashBoardPageTest.ValiodateClickOnCustomers()'><b>ValiodateClickOnCustomers</b><br>Test class: com.qa.testcases.DashBoardPageTest</td>
<td></td>
<td>0</td>
<td>com.qa.testcases.DashBoardPageTest@32e6e9c3</td></tr>
<tr>
<td title='com.qa.testcases.LoginPageTest.validEmailAndPassword()'><b>validEmailAndPassword</b><br>Test class: com.qa.testcases.LoginPageTest</td>
<td></td>
<td>0</td>
<td>com.qa.testcases.LoginPageTest@b97c004</td></tr>
<tr>
<td title='com.qa.testcases.OrderPageTest.validateAbanbonedCartslink()'><b>validateAbanbonedCartslink</b><br>Test class: com.qa.testcases.OrderPageTest</td>
<td></td>
<td>0</td>
<td>com.qa.testcases.OrderPageTest@97e1986</td></tr>
<tr>
<td title='com.qa.testcases.AddNewPageTest.validateAddNewCustomer()'><b>validateAddNewCustomer</b><br>Test class: com.qa.testcases.AddNewPageTest</td>
<td></td>
<td>0</td>
<td>com.qa.testcases.AddNewPageTest@5056dfcb</td></tr>
<tr>
<td title='com.qa.testcases.LoginPageTest.validateBlankEmailAndValidPassword()'><b>validateBlankEmailAndValidPassword</b><br>Test class: com.qa.testcases.LoginPageTest</td>
<td></td>
<td>0</td>
<td>com.qa.testcases.LoginPageTest@b97c004</td></tr>
<tr>
<td title='com.qa.testcases.LoginPageTest.validateBlankEmailPassword()'><b>validateBlankEmailPassword</b><br>Test class: com.qa.testcases.LoginPageTest</td>
<td></td>
<td>0</td>
<td>com.qa.testcases.LoginPageTest@b97c004</td></tr>
<tr>
<td title='com.qa.testcases.DashBoardPageTest.validateClickOnQuickAccess()'><b>validateClickOnQuickAccess</b><br>Test class: com.qa.testcases.DashBoardPageTest</td>
<td></td>
<td>0</td>
<td>com.qa.testcases.DashBoardPageTest@32e6e9c3</td></tr>
<tr>
<td title='com.qa.testcases.LoginPageTest.validateColorOfFacebookLogo()'><b>validateColorOfFacebookLogo</b><br>Test class: com.qa.testcases.LoginPageTest</td>
<td></td>
<td>0</td>
<td>com.qa.testcases.LoginPageTest@b97c004</td></tr>
<tr>
<td title='com.qa.testcases.LoginPageTest.validateColorOfGitHubLogo()'><b>validateColorOfGitHubLogo</b><br>Test class: com.qa.testcases.LoginPageTest</td>
<td></td>
<td>0</td>
<td>com.qa.testcases.LoginPageTest@b97c004</td></tr>
<tr>
<td title='com.qa.testcases.LoginPageTest.validateColorOfGoogleLogo()'><b>validateColorOfGoogleLogo</b><br>Test class: com.qa.testcases.LoginPageTest</td>
<td></td>
<td>0</td>
<td>com.qa.testcases.LoginPageTest@b97c004</td></tr>
<tr>
<td title='com.qa.testcases.LoginPageTest.validateColorOfLoginBtn()'><b>validateColorOfLoginBtn</b><br>Test class: com.qa.testcases.LoginPageTest</td>
<td></td>
<td>0</td>
<td>com.qa.testcases.LoginPageTest@b97c004</td></tr>
<tr>
<td title='com.qa.testcases.LoginPageTest.validateColorOfTwitterLogo()'><b>validateColorOfTwitterLogo</b><br>Test class: com.qa.testcases.LoginPageTest</td>
<td></td>
<td>0</td>
<td>com.qa.testcases.LoginPageTest@b97c004</td></tr>
<tr>
<td title='com.qa.testcases.DashBoardPageTest.validateConnectToPrestashopMarketPlaceAccountcolor()'><b>validateConnectToPrestashopMarketPlaceAccountcolor</b><br>Test class: com.qa.testcases.DashBoardPageTest</td>
<td></td>
<td>0</td>
<td>com.qa.testcases.DashBoardPageTest@32e6e9c3</td></tr>
<tr>
<td title='com.qa.testcases.LoginPageTest.validateCorrectEmailAndBlankPassword()'><b>validateCorrectEmailAndBlankPassword</b><br>Test class: com.qa.testcases.LoginPageTest</td>
<td></td>
<td>0</td>
<td>com.qa.testcases.LoginPageTest@b97c004</td></tr>
<tr>
<td title='com.qa.testcases.LoginPageTest.validateCorrectEmailAndInvalidPassword()'><b>validateCorrectEmailAndInvalidPassword</b><br>Test class: com.qa.testcases.LoginPageTest</td>
<td></td>
<td>0</td>
<td>com.qa.testcases.LoginPageTest@b97c004</td></tr>
<tr>
<td title='com.qa.testcases.LoginPageTest.validateCurrentUrl()'><b>validateCurrentUrl</b><br>Test class: com.qa.testcases.LoginPageTest</td>
<td></td>
<td>0</td>
<td>com.qa.testcases.LoginPageTest@b97c004</td></tr>
<tr>
<td title='com.qa.testcases.DashBoardPageTest.validateCustomerLogoLink()'><b>validateCustomerLogoLink</b><br>Test class: com.qa.testcases.DashBoardPageTest</td>
<td></td>
<td>0</td>
<td>com.qa.testcases.DashBoardPageTest@32e6e9c3</td></tr>
<tr>
<td title='com.qa.testcases.LoginPageTest.validateEmailLable()'><b>validateEmailLable</b><br>Test class: com.qa.testcases.LoginPageTest</td>
<td></td>
<td>0</td>
<td>com.qa.testcases.LoginPageTest@b97c004</td></tr>
<tr>
<td title='com.qa.testcases.LoginPageTest.validateEmailPlaceholder()'><b>validateEmailPlaceholder</b><br>Test class: com.qa.testcases.LoginPageTest</td>
<td></td>
<td>0</td>
<td>com.qa.testcases.LoginPageTest@b97c004</td></tr>
<tr>
<td title='com.qa.testcases.MerchandsPageTest.validateEnableNo()'><b>validateEnableNo</b><br>Test class: com.qa.testcases.MerchandsPageTest</td>
<td></td>
<td>0</td>
<td>com.qa.testcases.MerchandsPageTest@4590c9c3</td></tr>
<tr>
<td title='com.qa.testcases.MerchandsPageTest.validateEnableYes()'><b>validateEnableYes</b><br>Test class: com.qa.testcases.MerchandsPageTest</td>
<td></td>
<td>0</td>
<td>com.qa.testcases.MerchandsPageTest@4590c9c3</td></tr>
<tr>
<td title='com.qa.testcases.OrderPageTest.validateExportToSqlManagerlink()'><b>validateExportToSqlManagerlink</b><br>Test class: com.qa.testcases.OrderPageTest</td>
<td></td>
<td>0</td>
<td>com.qa.testcases.OrderPageTest@97e1986</td></tr>
<tr>
<td title='com.qa.testcases.OrderPageTest.validateExportlink()'><b>validateExportlink</b><br>Test class: com.qa.testcases.OrderPageTest</td>
<td></td>
<td>0</td>
<td>com.qa.testcases.OrderPageTest@97e1986</td></tr>
<tr>
<td title='com.qa.testcases.LoginPageTest.validateFacebookLogo()'><b>validateFacebookLogo</b><br>Test class: com.qa.testcases.LoginPageTest</td>
<td></td>
<td>0</td>
<td>com.qa.testcases.LoginPageTest@b97c004</td></tr>
<tr>
<td title='com.qa.testcases.LoginPageTest.validateForgotPasswordLink()'><b>validateForgotPasswordLink</b><br>Test class: com.qa.testcases.LoginPageTest</td>
<td></td>
<td>0</td>
<td>com.qa.testcases.LoginPageTest@b97c004</td></tr>
<tr>
<td title='com.qa.testcases.LoginPageTest.validateGithubLogo()'><b>validateGithubLogo</b><br>Test class: com.qa.testcases.LoginPageTest</td>
<td></td>
<td>0</td>
<td>com.qa.testcases.LoginPageTest@b97c004</td></tr>
<tr>
<td title='com.qa.testcases.LoginPageTest.validateGoogleLogo()'><b>validateGoogleLogo</b><br>Test class: com.qa.testcases.LoginPageTest</td>
<td></td>
<td>0</td>
<td>com.qa.testcases.LoginPageTest@b97c004</td></tr>
<tr>
<td title='com.qa.testcases.MerchandsPageTest.validateHelpMenu()'><b>validateHelpMenu</b><br>Test class: com.qa.testcases.MerchandsPageTest</td>
<td></td>
<td>0</td>
<td>com.qa.testcases.MerchandsPageTest@4590c9c3</td></tr>
<tr>
<td title='com.qa.testcases.OrderPageTest.validateHelpMenu()'><b>validateHelpMenu</b><br>Test class: com.qa.testcases.OrderPageTest</td>
<td></td>
<td>0</td>
<td>com.qa.testcases.OrderPageTest@97e1986</td></tr>
<tr>
<td title='com.qa.testcases.LoginPageTest.validateInvalidEmailAndInvalidPassword()'><b>validateInvalidEmailAndInvalidPassword</b><br>Test class: com.qa.testcases.LoginPageTest</td>
<td></td>
<td>0</td>
<td>com.qa.testcases.LoginPageTest@b97c004</td></tr>
<tr>
<td title='com.qa.testcases.LoginPageTest.validateInvalidEmailAndValidPassword()'><b>validateInvalidEmailAndValidPassword</b><br>Test class: com.qa.testcases.LoginPageTest</td>
<td></td>
<td>0</td>
<td>com.qa.testcases.LoginPageTest@b97c004</td></tr>
<tr>
<td title='com.qa.testcases.LoginPageTest.validateIscheckBoXSelected()'><b>validateIscheckBoXSelected</b><br>Test class: com.qa.testcases.LoginPageTest</td>
<td></td>
<td>0</td>
<td>com.qa.testcases.LoginPageTest@b97c004</td></tr>
<tr>
<td title='com.qa.testcases.LoginPageTest.validateIscheckBoXSelectedNot()'><b>validateIscheckBoXSelectedNot</b><br>Test class: com.qa.testcases.LoginPageTest</td>
<td></td>
<td>0</td>
<td>com.qa.testcases.LoginPageTest@b97c004</td></tr>
<tr>
<td title='com.qa.testcases.DashBoardPageTest.validateMessageBoxLogo()'><b>validateMessageBoxLogo</b><br>Test class: com.qa.testcases.DashBoardPageTest</td>
<td></td>
<td>0</td>
<td>com.qa.testcases.DashBoardPageTest@32e6e9c3</td></tr>
<tr>
<td title='com.qa.testcases.DashBoardPageTest.validateMyShopLink()'><b>validateMyShopLink</b><br>Test class: com.qa.testcases.DashBoardPageTest</td>
<td></td>
<td>0</td>
<td>com.qa.testcases.DashBoardPageTest@32e6e9c3</td></tr>
<tr>
<td title='com.qa.testcases.OrderPageTest.validateOrderPageTitle()'><b>validateOrderPageTitle</b><br>Test class: com.qa.testcases.OrderPageTest</td>
<td></td>
<td>0</td>
<td>com.qa.testcases.OrderPageTest@97e1986</td></tr>
<tr>
<td title='com.qa.testcases.LoginPageTest.validatePasswordPlaceholder()'><b>validatePasswordPlaceholder</b><br>Test class: com.qa.testcases.LoginPageTest</td>
<td></td>
<td>0</td>
<td>com.qa.testcases.LoginPageTest@b97c004</td></tr>
<tr>
<td title='com.qa.testcases.LoginPageTest.validatePrestaLogo()'><b>validatePrestaLogo</b><br>Test class: com.qa.testcases.LoginPageTest</td>
<td></td>
<td>0</td>
<td>com.qa.testcases.LoginPageTest@b97c004</td></tr>
<tr>
<td title='com.qa.testcases.LoginPageTest.validatePrestaLogoText()'><b>validatePrestaLogoText</b><br>Test class: com.qa.testcases.LoginPageTest</td>
<td></td>
<td>0</td>
<td>com.qa.testcases.LoginPageTest@b97c004</td></tr>
<tr>
<td title='com.qa.testcases.DashBoardPageTest.validateQuickAccess1Option()'><b>validateQuickAccess1Option</b><br>Test class: com.qa.testcases.DashBoardPageTest</td>
<td></td>
<td>0</td>
<td>com.qa.testcases.DashBoardPageTest@32e6e9c3</td></tr>
<tr>
<td title='com.qa.testcases.DashBoardPageTest.validateQuickAccess2Option()'><b>validateQuickAccess2Option</b><br>Test class: com.qa.testcases.DashBoardPageTest</td>
<td></td>
<td>0</td>
<td>com.qa.testcases.DashBoardPageTest@32e6e9c3</td></tr>
<tr>
<td title='com.qa.testcases.DashBoardPageTest.validateQuickAccess3Option()'><b>validateQuickAccess3Option</b><br>Test class: com.qa.testcases.DashBoardPageTest</td>
<td></td>
<td>0</td>
<td>com.qa.testcases.DashBoardPageTest@32e6e9c3</td></tr>
<tr>
<td title='com.qa.testcases.DashBoardPageTest.validateQuickAccessBtnColor()'><b>validateQuickAccessBtnColor</b><br>Test class: com.qa.testcases.DashBoardPageTest</td>
<td></td>
<td>0</td>
<td>com.qa.testcases.DashBoardPageTest@32e6e9c3</td></tr>
<tr>
<td title='com.qa.testcases.MerchandsPageTest.validateReturnsPrefix()'><b>validateReturnsPrefix</b><br>Test class: com.qa.testcases.MerchandsPageTest</td>
<td></td>
<td>0</td>
<td>com.qa.testcases.MerchandsPageTest@4590c9c3</td></tr>
<tr>
<td title='com.qa.testcases.LoginPageTest.validateRighReserveLink()'><b>validateRighReserveLink</b><br>Test class: com.qa.testcases.LoginPageTest</td>
<td></td>
<td>0</td>
<td>com.qa.testcases.LoginPageTest@b97c004</td></tr>
<tr>
<td title='com.qa.testcases.LoginPageTest.validateRightsReserveLinkIsDisplayed()'><b>validateRightsReserveLinkIsDisplayed</b><br>Test class: com.qa.testcases.LoginPageTest</td>
<td></td>
<td>0</td>
<td>com.qa.testcases.LoginPageTest@b97c004</td></tr>
<tr>
<td title='com.qa.testcases.MerchandsPageTest.validateSavebtn()'><b>validateSavebtn</b><br>Test class: com.qa.testcases.MerchandsPageTest</td>
<td></td>
<td>0</td>
<td>com.qa.testcases.MerchandsPageTest@4590c9c3</td></tr>
<tr>
<td title='com.qa.testcases.DashBoardPageTest.validateShopCartLogoLink()'><b>validateShopCartLogoLink</b><br>Test class: com.qa.testcases.DashBoardPageTest</td>
<td></td>
<td>0</td>
<td>com.qa.testcases.DashBoardPageTest@32e6e9c3</td></tr>
<tr>
<td title='com.qa.testcases.DashBoardPageTest.validateShopCartText()'><b>validateShopCartText</b><br>Test class: com.qa.testcases.DashBoardPageTest</td>
<td></td>
<td>0</td>
<td>com.qa.testcases.DashBoardPageTest@32e6e9c3</td></tr>
<tr>
<td title='com.qa.testcases.DashBoardPageTest.validateShowAllCustomerLink()'><b>validateShowAllCustomerLink</b><br>Test class: com.qa.testcases.DashBoardPageTest</td>
<td></td>
<td>0</td>
<td>com.qa.testcases.DashBoardPageTest@32e6e9c3</td></tr>
<tr>
<td title='com.qa.testcases.DashBoardPageTest.validateShowAllMessages()'><b>validateShowAllMessages</b><br>Test class: com.qa.testcases.DashBoardPageTest</td>
<td></td>
<td>0</td>
<td>com.qa.testcases.DashBoardPageTest@32e6e9c3</td></tr>
<tr>
<td title='com.qa.testcases.DashBoardPageTest.validateShowOrderLink()'><b>validateShowOrderLink</b><br>Test class: com.qa.testcases.DashBoardPageTest</td>
<td></td>
<td>0</td>
<td>com.qa.testcases.DashBoardPageTest@32e6e9c3</td></tr>
<tr>
<td title='com.qa.testcases.LoginPageTest.validateStayLoginText()'><b>validateStayLoginText</b><br>Test class: com.qa.testcases.LoginPageTest</td>
<td></td>
<td>0</td>
<td>com.qa.testcases.LoginPageTest@b97c004</td></tr>
<tr>
<td title='com.qa.testcases.AddNewPageTest.validateSwithchToWindow()'><b>validateSwithchToWindow</b><br>Test class: com.qa.testcases.AddNewPageTest</td>
<td></td>
<td>0</td>
<td>com.qa.testcases.AddNewPageTest@5056dfcb</td></tr>
<tr>
<td title='com.qa.testcases.LoginPageTest.validateTextBelowLogo()'><b>validateTextBelowLogo</b><br>Test class: com.qa.testcases.LoginPageTest</td>
<td></td>
<td>0</td>
<td>com.qa.testcases.LoginPageTest@b97c004</td></tr>
<tr>
<td title='com.qa.testcases.MerchandsPageTest.validateTimeLimitOfValidity()'><b>validateTimeLimitOfValidity</b><br>Test class: com.qa.testcases.MerchandsPageTest</td>
<td></td>
<td>0</td>
<td>com.qa.testcases.MerchandsPageTest@4590c9c3</td></tr>
<tr>
<td title='com.qa.testcases.LoginPageTest.validateTitle()'><b>validateTitle</b><br>Test class: com.qa.testcases.LoginPageTest</td>
<td></td>
<td>0</td>
<td>com.qa.testcases.LoginPageTest@b97c004</td></tr>
<tr>
<td title='com.qa.testcases.MerchandsPageTest.validateTitleOfMerchandsPage()'><b>validateTitleOfMerchandsPage</b><br>Test class: com.qa.testcases.MerchandsPageTest</td>
<td></td>
<td>0</td>
<td>com.qa.testcases.MerchandsPageTest@4590c9c3</td></tr>
<tr>
<td title='com.qa.testcases.DashBoardPageTest.validateTitleofDashboard()'><b>validateTitleofDashboard</b><br>Test class: com.qa.testcases.DashBoardPageTest</td>
<td></td>
<td>0</td>
<td>com.qa.testcases.DashBoardPageTest@32e6e9c3</td></tr>
<tr>
<td title='com.qa.testcases.LoginPageTest.validateTwitterLogo()'><b>validateTwitterLogo</b><br>Test class: com.qa.testcases.LoginPageTest</td>
<td></td>
<td>0</td>
<td>com.qa.testcases.LoginPageTest@b97c004</td></tr>
<tr>
<td title='com.qa.testcases.DashBoardPageTest.validateaddCurrentPageToQuickAccess()'><b>validateaddCurrentPageToQuickAccess</b><br>Test class: com.qa.testcases.DashBoardPageTest</td>
<td></td>
<td>0</td>
<td>com.qa.testcases.DashBoardPageTest@32e6e9c3</td></tr>
<tr>
<td title='com.qa.testcases.OrderPageTest.validatecheckRefreshlink()'><b>validatecheckRefreshlink</b><br>Test class: com.qa.testcases.OrderPageTest</td>
<td></td>
<td>0</td>
<td>com.qa.testcases.OrderPageTest@97e1986</td></tr>
<tr>
<td title='com.qa.testcases.OrderPageTest.validatecheckshowSqlQuerylink()'><b>validatecheckshowSqlQuerylink</b><br>Test class: com.qa.testcases.OrderPageTest</td>
<td></td>
<td>0</td>
<td>com.qa.testcases.OrderPageTest@97e1986</td></tr>
<tr>
<td title='com.qa.testcases.DashBoardPageTest.validateconnectToPrestashopMarketPlaceAccount()'><b>validateconnectToPrestashopMarketPlaceAccount</b><br>Test class: com.qa.testcases.DashBoardPageTest</td>
<td></td>
<td>0</td>
<td>com.qa.testcases.DashBoardPageTest@32e6e9c3</td></tr>
<tr>
<td title='com.qa.testcases.OrderPageTest.validatesearchForOrder()'><b>validatesearchForOrder</b><br>Test class: com.qa.testcases.OrderPageTest</td>
<td></td>
<td>0</td>
<td>com.qa.testcases.OrderPageTest@97e1986</td></tr>
</table><p>
</body>
</html>