<?xml version="1.0" encoding="UTF-8"?>
<testng-results skipped="0" failed="3" total="10" passed="7">
  <reporter-output>
  </reporter-output>
  <suite name="Suite" duration-ms="112110" started-at="2019-05-28T09:02:58Z" finished-at="2019-05-28T09:04:50Z">
    <groups>
    </groups>
    <test name="Test" duration-ms="112110" started-at="2019-05-28T09:02:58Z" finished-at="2019-05-28T09:04:50Z">
      <class name="com.qa.testcases.LoginPageTest">
        <test-method status="PASS" signature="setUp()[pri:0, instance:com.qa.testcases.LoginPageTest@4c203ea1]" name="setUp" is-config="true" duration-ms="10625" started-at="2019-05-28T14:32:58Z" finished-at="2019-05-28T14:33:09Z">
          <reporter-output>
          </reporter-output>
        </test-method> <!-- setUp -->
        <test-method status="FAIL" signature="validateTitle()[pri:0, instance:com.qa.testcases.LoginPageTest@4c203ea1]" name="validateTitle" duration-ms="38" started-at="2019-05-28T14:33:09Z" finished-at="2019-05-28T14:33:09Z">
          <exception class="java.lang.AssertionError">
            <message>
              <![CDATA[expected [ShopCartt > Administration panel (PrestaShopâ)] but found [ShopCartt > Administration panel (PrestaShop™)]]]>
            </message>
            <full-stacktrace>
              <![CDATA[java.lang.AssertionError: expected [ShopCartt > Administration panel (PrestaShopâ)] but found [ShopCartt > Administration panel (PrestaShop™)]
	at org.testng.Assert.fail(Assert.java:94)
	at org.testng.Assert.failNotEquals(Assert.java:494)
	at org.testng.Assert.assertEquals(Assert.java:123)
	at org.testng.Assert.assertEquals(Assert.java:176)
	at org.testng.Assert.assertEquals(Assert.java:186)
	at com.qa.testcases.LoginPageTest.validateTitle(LoginPageTest.java:33)
	at sun.reflect.NativeMethodAccessorImpl.invoke0(Native Method)
	at sun.reflect.NativeMethodAccessorImpl.invoke(NativeMethodAccessorImpl.java:62)
	at sun.reflect.DelegatingMethodAccessorImpl.invoke(DelegatingMethodAccessorImpl.java:43)
	at java.lang.reflect.Method.invoke(Method.java:498)
	at org.testng.internal.MethodInvocationHelper.invokeMethod(MethodInvocationHelper.java:84)
	at org.testng.internal.Invoker.invokeMethod(Invoker.java:714)
	at org.testng.internal.Invoker.invokeTestMethod(Invoker.java:901)
	at org.testng.internal.Invoker.invokeTestMethods(Invoker.java:1231)
	at org.testng.internal.TestMethodWorker.invokeTestMethods(TestMethodWorker.java:127)
	at org.testng.internal.TestMethodWorker.run(TestMethodWorker.java:111)
	at org.testng.TestRunner.privateRun(TestRunner.java:767)
	at org.testng.TestRunner.run(TestRunner.java:617)
	at org.testng.SuiteRunner.runTest(SuiteRunner.java:348)
	at org.testng.SuiteRunner.runSequentially(SuiteRunner.java:343)
	at org.testng.SuiteRunner.privateRun(SuiteRunner.java:305)
	at org.testng.SuiteRunner.run(SuiteRunner.java:254)
	at org.testng.SuiteRunnerWorker.runSuite(SuiteRunnerWorker.java:52)
	at org.testng.SuiteRunnerWorker.run(SuiteRunnerWorker.java:86)
	at org.testng.TestNG.runSuitesSequentially(TestNG.java:1224)
	at org.testng.TestNG.runSuitesLocally(TestNG.java:1149)
	at org.testng.TestNG.run(TestNG.java:1057)
	at org.apache.maven.surefire.testng.TestNGExecutor.run(TestNGExecutor.java:295)
	at org.apache.maven.surefire.testng.TestNGXmlTestSuite.execute(TestNGXmlTestSuite.java:84)
	at org.apache.maven.surefire.testng.TestNGProvider.invoke(TestNGProvider.java:90)
	at org.apache.maven.surefire.booter.ForkedBooter.invokeProviderInSameClassLoader(ForkedBooter.java:203)
	at org.apache.maven.surefire.booter.ForkedBooter.runSuitesInProcess(ForkedBooter.java:155)
	at org.apache.maven.surefire.booter.ForkedBooter.main(ForkedBooter.java:103)
]]>
            </full-stacktrace>
          </exception> <!-- java.lang.AssertionError -->
          <reporter-output>
          </reporter-output>
        </test-method> <!-- validateTitle -->
        <test-method status="PASS" signature="tearDown()[pri:0, instance:com.qa.testcases.LoginPageTest@4c203ea1]" name="tearDown" is-config="true" duration-ms="2207" started-at="2019-05-28T14:33:10Z" finished-at="2019-05-28T14:33:12Z">
          <reporter-output>
          </reporter-output>
        </test-method> <!-- tearDown -->
        <test-method status="PASS" signature="setUp()[pri:0, instance:com.qa.testcases.LoginPageTest@4c203ea1]" name="setUp" is-config="true" duration-ms="14618" started-at="2019-05-28T14:33:12Z" finished-at="2019-05-28T14:33:26Z">
          <reporter-output>
          </reporter-output>
        </test-method> <!-- setUp -->
        <test-method status="PASS" signature="validatePrestaLogo()[pri:0, instance:com.qa.testcases.LoginPageTest@4c203ea1]" name="validatePrestaLogo" duration-ms="78" started-at="2019-05-28T14:33:26Z" finished-at="2019-05-28T14:33:26Z">
          <reporter-output>
          </reporter-output>
        </test-method> <!-- validatePrestaLogo -->
        <test-method status="PASS" signature="tearDown()[pri:0, instance:com.qa.testcases.LoginPageTest@4c203ea1]" name="tearDown" is-config="true" duration-ms="153" started-at="2019-05-28T14:33:26Z" finished-at="2019-05-28T14:33:27Z">
          <reporter-output>
          </reporter-output>
        </test-method> <!-- tearDown -->
        <test-method status="PASS" signature="setUp()[pri:0, instance:com.qa.testcases.LoginPageTest@4c203ea1]" name="setUp" is-config="true" duration-ms="16345" started-at="2019-05-28T14:33:27Z" finished-at="2019-05-28T14:33:43Z">
          <reporter-output>
          </reporter-output>
        </test-method> <!-- setUp -->
        <test-method status="PASS" signature="validatePrestaLogoText()[pri:0, instance:com.qa.testcases.LoginPageTest@4c203ea1]" name="validatePrestaLogoText" duration-ms="70" started-at="2019-05-28T14:33:43Z" finished-at="2019-05-28T14:33:43Z">
          <reporter-output>
          </reporter-output>
        </test-method> <!-- validatePrestaLogoText -->
        <test-method status="PASS" signature="tearDown()[pri:0, instance:com.qa.testcases.LoginPageTest@4c203ea1]" name="tearDown" is-config="true" duration-ms="154" started-at="2019-05-28T14:33:43Z" finished-at="2019-05-28T14:33:43Z">
          <reporter-output>
          </reporter-output>
        </test-method> <!-- tearDown -->
        <test-method status="PASS" signature="setUp()[pri:0, instance:com.qa.testcases.LoginPageTest@4c203ea1]" name="setUp" is-config="true" duration-ms="6184" started-at="2019-05-28T14:33:43Z" finished-at="2019-05-28T14:33:49Z">
          <reporter-output>
          </reporter-output>
        </test-method> <!-- setUp -->
        <test-method status="PASS" signature="validateCurrentUrl()[pri:0, instance:com.qa.testcases.LoginPageTest@4c203ea1]" name="validateCurrentUrl" duration-ms="23" started-at="2019-05-28T14:33:49Z" finished-at="2019-05-28T14:33:49Z">
          <reporter-output>
          </reporter-output>
        </test-method> <!-- validateCurrentUrl -->
        <test-method status="PASS" signature="tearDown()[pri:0, instance:com.qa.testcases.LoginPageTest@4c203ea1]" name="tearDown" is-config="true" duration-ms="236" started-at="2019-05-28T14:33:49Z" finished-at="2019-05-28T14:33:50Z">
          <reporter-output>
          </reporter-output>
        </test-method> <!-- tearDown -->
        <test-method status="PASS" signature="setUp()[pri:0, instance:com.qa.testcases.LoginPageTest@4c203ea1]" name="setUp" is-config="true" duration-ms="7738" started-at="2019-05-28T14:33:50Z" finished-at="2019-05-28T14:33:57Z">
          <reporter-output>
          </reporter-output>
        </test-method> <!-- setUp -->
        <test-method status="PASS" signature="validateTextBelowLogo()[pri:0, instance:com.qa.testcases.LoginPageTest@4c203ea1]" name="validateTextBelowLogo" duration-ms="134" started-at="2019-05-28T14:33:57Z" finished-at="2019-05-28T14:33:58Z">
          <reporter-output>
          </reporter-output>
        </test-method> <!-- validateTextBelowLogo -->
        <test-method status="PASS" signature="tearDown()[pri:0, instance:com.qa.testcases.LoginPageTest@4c203ea1]" name="tearDown" is-config="true" duration-ms="126" started-at="2019-05-28T14:33:58Z" finished-at="2019-05-28T14:33:58Z">
          <reporter-output>
          </reporter-output>
        </test-method> <!-- tearDown -->
        <test-method status="PASS" signature="setUp()[pri:0, instance:com.qa.testcases.LoginPageTest@4c203ea1]" name="setUp" is-config="true" duration-ms="5822" started-at="2019-05-28T14:33:58Z" finished-at="2019-05-28T14:34:03Z">
          <reporter-output>
          </reporter-output>
        </test-method> <!-- setUp -->
        <test-method status="PASS" signature="validateEmailLable()[pri:0, instance:com.qa.testcases.LoginPageTest@4c203ea1]" name="validateEmailLable" duration-ms="66" started-at="2019-05-28T14:34:03Z" finished-at="2019-05-28T14:34:04Z">
          <reporter-output>
          </reporter-output>
        </test-method> <!-- validateEmailLable -->
        <test-method status="PASS" signature="tearDown()[pri:0, instance:com.qa.testcases.LoginPageTest@4c203ea1]" name="tearDown" is-config="true" duration-ms="3591" started-at="2019-05-28T14:34:04Z" finished-at="2019-05-28T14:34:07Z">
          <reporter-output>
          </reporter-output>
        </test-method> <!-- tearDown -->
        <test-method status="PASS" signature="setUp()[pri:0, instance:com.qa.testcases.LoginPageTest@4c203ea1]" name="setUp" is-config="true" duration-ms="6500" started-at="2019-05-28T14:34:07Z" finished-at="2019-05-28T14:34:14Z">
          <reporter-output>
          </reporter-output>
        </test-method> <!-- setUp -->
        <test-method status="FAIL" signature="validateEmailPlaceholder()[pri:0, instance:com.qa.testcases.LoginPageTest@4c203ea1]" name="validateEmailPlaceholder" duration-ms="109" started-at="2019-05-28T14:34:14Z" finished-at="2019-05-28T14:34:14Z">
          <exception class="java.lang.AssertionError">
            <message>
              <![CDATA[expected [ïƒ  test@example.com] but found [? test@example.com]]]>
            </message>
            <full-stacktrace>
              <![CDATA[java.lang.AssertionError: expected [ïƒ  test@example.com] but found [? test@example.com]
	at org.testng.Assert.fail(Assert.java:94)
	at org.testng.Assert.failNotEquals(Assert.java:494)
	at org.testng.Assert.assertEquals(Assert.java:123)
	at org.testng.Assert.assertEquals(Assert.java:176)
	at org.testng.Assert.assertEquals(Assert.java:186)
	at com.qa.testcases.LoginPageTest.validateEmailPlaceholder(LoginPageTest.java:71)
	at sun.reflect.NativeMethodAccessorImpl.invoke0(Native Method)
	at sun.reflect.NativeMethodAccessorImpl.invoke(NativeMethodAccessorImpl.java:62)
	at sun.reflect.DelegatingMethodAccessorImpl.invoke(DelegatingMethodAccessorImpl.java:43)
	at java.lang.reflect.Method.invoke(Method.java:498)
	at org.testng.internal.MethodInvocationHelper.invokeMethod(MethodInvocationHelper.java:84)
	at org.testng.internal.Invoker.invokeMethod(Invoker.java:714)
	at org.testng.internal.Invoker.invokeTestMethod(Invoker.java:901)
	at org.testng.internal.Invoker.invokeTestMethods(Invoker.java:1231)
	at org.testng.internal.TestMethodWorker.invokeTestMethods(TestMethodWorker.java:127)
	at org.testng.internal.TestMethodWorker.run(TestMethodWorker.java:111)
	at org.testng.TestRunner.privateRun(TestRunner.java:767)
	at org.testng.TestRunner.run(TestRunner.java:617)
	at org.testng.SuiteRunner.runTest(SuiteRunner.java:348)
	at org.testng.SuiteRunner.runSequentially(SuiteRunner.java:343)
	at org.testng.SuiteRunner.privateRun(SuiteRunner.java:305)
	at org.testng.SuiteRunner.run(SuiteRunner.java:254)
	at org.testng.SuiteRunnerWorker.runSuite(SuiteRunnerWorker.java:52)
	at org.testng.SuiteRunnerWorker.run(SuiteRunnerWorker.java:86)
	at org.testng.TestNG.runSuitesSequentially(TestNG.java:1224)
	at org.testng.TestNG.runSuitesLocally(TestNG.java:1149)
	at org.testng.TestNG.run(TestNG.java:1057)
	at org.apache.maven.surefire.testng.TestNGExecutor.run(TestNGExecutor.java:295)
	at org.apache.maven.surefire.testng.TestNGXmlTestSuite.execute(TestNGXmlTestSuite.java:84)
	at org.apache.maven.surefire.testng.TestNGProvider.invoke(TestNGProvider.java:90)
	at org.apache.maven.surefire.booter.ForkedBooter.invokeProviderInSameClassLoader(ForkedBooter.java:203)
	at org.apache.maven.surefire.booter.ForkedBooter.runSuitesInProcess(ForkedBooter.java:155)
	at org.apache.maven.surefire.booter.ForkedBooter.main(ForkedBooter.java:103)
]]>
            </full-stacktrace>
          </exception> <!-- java.lang.AssertionError -->
          <reporter-output>
          </reporter-output>
        </test-method> <!-- validateEmailPlaceholder -->
        <test-method status="PASS" signature="tearDown()[pri:0, instance:com.qa.testcases.LoginPageTest@4c203ea1]" name="tearDown" is-config="true" duration-ms="2083" started-at="2019-05-28T14:34:14Z" finished-at="2019-05-28T14:34:16Z">
          <reporter-output>
          </reporter-output>
        </test-method> <!-- tearDown -->
        <test-method status="PASS" signature="setUp()[pri:0, instance:com.qa.testcases.LoginPageTest@4c203ea1]" name="setUp" is-config="true" duration-ms="6894" started-at="2019-05-28T14:34:16Z" finished-at="2019-05-28T14:34:23Z">
          <reporter-output>
          </reporter-output>
        </test-method> <!-- setUp -->
        <test-method status="FAIL" signature="validatePasswordPlaceholder()[pri:0, instance:com.qa.testcases.LoginPageTest@4c203ea1]" name="validatePasswordPlaceholder" duration-ms="60" started-at="2019-05-28T14:34:23Z" finished-at="2019-05-28T14:34:23Z">
          <exception class="java.lang.AssertionError">
            <message>
              <![CDATA[expected [ï‚„ Password] but found [? Password]]]>
            </message>
            <full-stacktrace>
              <![CDATA[java.lang.AssertionError: expected [ï‚„ Password] but found [? Password]
	at org.testng.Assert.fail(Assert.java:94)
	at org.testng.Assert.failNotEquals(Assert.java:494)
	at org.testng.Assert.assertEquals(Assert.java:123)
	at org.testng.Assert.assertEquals(Assert.java:176)
	at org.testng.Assert.assertEquals(Assert.java:186)
	at com.qa.testcases.LoginPageTest.validatePasswordPlaceholder(LoginPageTest.java:77)
	at sun.reflect.NativeMethodAccessorImpl.invoke0(Native Method)
	at sun.reflect.NativeMethodAccessorImpl.invoke(NativeMethodAccessorImpl.java:62)
	at sun.reflect.DelegatingMethodAccessorImpl.invoke(DelegatingMethodAccessorImpl.java:43)
	at java.lang.reflect.Method.invoke(Method.java:498)
	at org.testng.internal.MethodInvocationHelper.invokeMethod(MethodInvocationHelper.java:84)
	at org.testng.internal.Invoker.invokeMethod(Invoker.java:714)
	at org.testng.internal.Invoker.invokeTestMethod(Invoker.java:901)
	at org.testng.internal.Invoker.invokeTestMethods(Invoker.java:1231)
	at org.testng.internal.TestMethodWorker.invokeTestMethods(TestMethodWorker.java:127)
	at org.testng.internal.TestMethodWorker.run(TestMethodWorker.java:111)
	at org.testng.TestRunner.privateRun(TestRunner.java:767)
	at org.testng.TestRunner.run(TestRunner.java:617)
	at org.testng.SuiteRunner.runTest(SuiteRunner.java:348)
	at org.testng.SuiteRunner.runSequentially(SuiteRunner.java:343)
	at org.testng.SuiteRunner.privateRun(SuiteRunner.java:305)
	at org.testng.SuiteRunner.run(SuiteRunner.java:254)
	at org.testng.SuiteRunnerWorker.runSuite(SuiteRunnerWorker.java:52)
	at org.testng.SuiteRunnerWorker.run(SuiteRunnerWorker.java:86)
	at org.testng.TestNG.runSuitesSequentially(TestNG.java:1224)
	at org.testng.TestNG.runSuitesLocally(TestNG.java:1149)
	at org.testng.TestNG.run(TestNG.java:1057)
	at org.apache.maven.surefire.testng.TestNGExecutor.run(TestNGExecutor.java:295)
	at org.apache.maven.surefire.testng.TestNGXmlTestSuite.execute(TestNGXmlTestSuite.java:84)
	at org.apache.maven.surefire.testng.TestNGProvider.invoke(TestNGProvider.java:90)
	at org.apache.maven.surefire.booter.ForkedBooter.invokeProviderInSameClassLoader(ForkedBooter.java:203)
	at org.apache.maven.surefire.booter.ForkedBooter.runSuitesInProcess(ForkedBooter.java:155)
	at org.apache.maven.surefire.booter.ForkedBooter.main(ForkedBooter.java:103)
]]>
            </full-stacktrace>
          </exception> <!-- java.lang.AssertionError -->
          <reporter-output>
          </reporter-output>
        </test-method> <!-- validatePasswordPlaceholder -->
        <test-method status="PASS" signature="tearDown()[pri:0, instance:com.qa.testcases.LoginPageTest@4c203ea1]" name="tearDown" is-config="true" duration-ms="2268" started-at="2019-05-28T14:34:24Z" finished-at="2019-05-28T14:34:26Z">
          <reporter-output>
          </reporter-output>
        </test-method> <!-- tearDown -->
        <test-method status="PASS" signature="setUp()[pri:0, instance:com.qa.testcases.LoginPageTest@4c203ea1]" name="setUp" is-config="true" duration-ms="6310" started-at="2019-05-28T14:34:26Z" finished-at="2019-05-28T14:34:32Z">
          <reporter-output>
          </reporter-output>
        </test-method> <!-- setUp -->
        <test-method status="PASS" signature="validateBlankEmailPassword()[pri:0, instance:com.qa.testcases.LoginPageTest@4c203ea1]" name="validateBlankEmailPassword" duration-ms="2450" started-at="2019-05-28T14:34:32Z" finished-at="2019-05-28T14:34:35Z">
          <reporter-output>
          </reporter-output>
        </test-method> <!-- validateBlankEmailPassword -->
        <test-method status="PASS" signature="tearDown()[pri:0, instance:com.qa.testcases.LoginPageTest@4c203ea1]" name="tearDown" is-config="true" duration-ms="2497" started-at="2019-05-28T14:34:35Z" finished-at="2019-05-28T14:34:37Z">
          <reporter-output>
          </reporter-output>
        </test-method> <!-- tearDown -->
        <test-method status="PASS" signature="setUp()[pri:0, instance:com.qa.testcases.LoginPageTest@4c203ea1]" name="setUp" is-config="true" duration-ms="10577" started-at="2019-05-28T14:34:37Z" finished-at="2019-05-28T14:34:48Z">
          <reporter-output>
          </reporter-output>
        </test-method> <!-- setUp -->
        <test-method status="PASS" signature="validateBlankEmailAndValidPassword()[pri:0, instance:com.qa.testcases.LoginPageTest@4c203ea1]" name="validateBlankEmailAndValidPassword" duration-ms="2404" started-at="2019-05-28T14:34:48Z" finished-at="2019-05-28T14:34:50Z">
          <reporter-output>
          </reporter-output>
        </test-method> <!-- validateBlankEmailAndValidPassword -->
        <test-method status="PASS" signature="tearDown()[pri:0, instance:com.qa.testcases.LoginPageTest@4c203ea1]" name="tearDown" is-config="true" duration-ms="196" started-at="2019-05-28T14:34:50Z" finished-at="2019-05-28T14:34:50Z">
          <reporter-output>
          </reporter-output>
        </test-method> <!-- tearDown -->
      </class> <!-- com.qa.testcases.LoginPageTest -->
    </test> <!-- Test -->
  </suite> <!-- Suite -->
</testng-results>
